{"/home/travis/build/Hongarc/node-facebook/src/api.ts": {"path":"/home/travis/build/Hongarc/node-facebook/src/api.ts","statementMap":{"0":{"start":{"line":1,"column":0},"end":{"line":1,"column":38}},"1":{"start":{"line":4,"column":0},"end":{"line":4,"column":51}},"2":{"start":{"line":5,"column":0},"end":{"line":5,"column":45}},"3":{"start":{"line":6,"column":0},"end":{"line":6,"column":59}},"4":{"start":{"line":7,"column":0},"end":{"line":7,"column":42}},"5":{"start":{"line":8,"column":0},"end":{"line":8,"column":51}},"6":{"start":{"line":9,"column":0},"end":{"line":9,"column":45}},"7":{"start":{"line":10,"column":0},"end":{"line":10,"column":45}},"8":{"start":{"line":11,"column":0},"end":{"line":11,"column":42}},"9":{"start":{"line":12,"column":0},"end":{"line":12,"column":51}},"10":{"start":{"line":13,"column":0},"end":{"line":13,"column":58}},"11":{"start":{"line":14,"column":0},"end":{"line":14,"column":45}},"12":{"start":{"line":15,"column":0},"end":{"line":15,"column":49}},"13":{"start":{"line":16,"column":0},"end":{"line":16,"column":55}},"14":{"start":{"line":17,"column":0},"end":{"line":17,"column":56}},"15":{"start":{"line":18,"column":0},"end":{"line":18,"column":47}},"16":{"start":{"line":19,"column":0},"end":{"line":19,"column":53}},"17":{"start":{"line":20,"column":0},"end":{"line":20,"column":51}},"18":{"start":{"line":21,"column":0},"end":{"line":21,"column":53}},"19":{"start":{"line":22,"column":0},"end":{"line":22,"column":61}},"20":{"start":{"line":23,"column":0},"end":{"line":23,"column":40}},"21":{"start":{"line":24,"column":0},"end":{"line":24,"column":51}},"22":{"start":{"line":25,"column":0},"end":{"line":25,"column":42}},"23":{"start":{"line":26,"column":0},"end":{"line":26,"column":50}},"24":{"start":{"line":27,"column":0},"end":{"line":27,"column":43}},"25":{"start":{"line":28,"column":0},"end":{"line":28,"column":54}},"26":{"start":{"line":29,"column":0},"end":{"line":29,"column":62}},"27":{"start":{"line":30,"column":0},"end":{"line":30,"column":50}},"28":{"start":{"line":31,"column":0},"end":{"line":31,"column":45}},"29":{"start":{"line":32,"column":0},"end":{"line":32,"column":47}},"30":{"start":{"line":33,"column":0},"end":{"line":33,"column":38}},"31":{"start":{"line":34,"column":0},"end":{"line":34,"column":38}},"32":{"start":{"line":35,"column":0},"end":{"line":35,"column":48}},"33":{"start":{"line":36,"column":0},"end":{"line":36,"column":55}},"34":{"start":{"line":37,"column":0},"end":{"line":37,"column":52}},"35":{"start":{"line":38,"column":0},"end":{"line":38,"column":55}},"36":{"start":{"line":39,"column":0},"end":{"line":39,"column":47}},"37":{"start":{"line":40,"column":0},"end":{"line":40,"column":34}},"38":{"start":{"line":41,"column":0},"end":{"line":41,"column":51}},"39":{"start":{"line":42,"column":0},"end":{"line":42,"column":51}},"40":{"start":{"line":43,"column":0},"end":{"line":43,"column":51}},"41":{"start":{"line":44,"column":0},"end":{"line":44,"column":61}},"42":{"start":{"line":45,"column":0},"end":{"line":45,"column":34}},"43":{"start":{"line":46,"column":0},"end":{"line":46,"column":49}},"44":{"start":{"line":47,"column":0},"end":{"line":47,"column":47}},"45":{"start":{"line":48,"column":0},"end":{"line":48,"column":56}},"46":{"start":{"line":49,"column":0},"end":{"line":49,"column":58}},"47":{"start":{"line":50,"column":0},"end":{"line":50,"column":43}},"48":{"start":{"line":51,"column":0},"end":{"line":51,"column":43}},"49":{"start":{"line":52,"column":0},"end":{"line":52,"column":47}},"50":{"start":{"line":53,"column":0},"end":{"line":53,"column":45}},"51":{"start":{"line":54,"column":0},"end":{"line":54,"column":55}},"52":{"start":{"line":55,"column":0},"end":{"line":55,"column":49}},"53":{"start":{"line":56,"column":0},"end":{"line":56,"column":62}},"54":{"start":{"line":57,"column":0},"end":{"line":57,"column":53}},"55":{"start":{"line":58,"column":0},"end":{"line":58,"column":53}},"56":{"start":{"line":59,"column":0},"end":{"line":59,"column":47}},"57":{"start":{"line":69,"column":19},"end":{"line":75,"column":1}},"58":{"start":{"line":70,"column":16},"end":{"line":70,"column":19}},"59":{"start":{"line":71,"column":15},"end":{"line":71,"column":16}},"60":{"start":{"line":72,"column":4},"end":{"line":72,"column":34}},"61":{"start":{"line":74,"column":2},"end":{"line":74,"column":17}},"62":{"start":{"line":77,"column":0},"end":{"line":77,"column":null}},"63":{"start":{"line":77,"column":33},"end":{"line":77,"column":45}},"64":{"start":{"line":151,"column":4},"end":{"line":151,"column":null}},"65":{"start":{"line":79,"column":2},"end":{"line":79,"column":30}},"66":{"start":{"line":80,"column":2},"end":{"line":80,"column":24}},"67":{"start":{"line":81,"column":2},"end":{"line":81,"column":36}},"68":{"start":{"line":82,"column":2},"end":{"line":82,"column":22}},"69":{"start":{"line":83,"column":2},"end":{"line":83,"column":30}},"70":{"start":{"line":84,"column":2},"end":{"line":84,"column":24}},"71":{"start":{"line":85,"column":2},"end":{"line":85,"column":24}},"72":{"start":{"line":86,"column":2},"end":{"line":86,"column":22}},"73":{"start":{"line":87,"column":2},"end":{"line":87,"column":30}},"74":{"start":{"line":88,"column":2},"end":{"line":88,"column":36}},"75":{"start":{"line":89,"column":2},"end":{"line":89,"column":24}},"76":{"start":{"line":90,"column":2},"end":{"line":90,"column":28}},"77":{"start":{"line":91,"column":2},"end":{"line":91,"column":34}},"78":{"start":{"line":92,"column":2},"end":{"line":92,"column":34}},"79":{"start":{"line":93,"column":2},"end":{"line":93,"column":26}},"80":{"start":{"line":94,"column":2},"end":{"line":94,"column":32}},"81":{"start":{"line":95,"column":2},"end":{"line":95,"column":30}},"82":{"start":{"line":96,"column":2},"end":{"line":96,"column":32}},"83":{"start":{"line":97,"column":2},"end":{"line":97,"column":40}},"84":{"start":{"line":98,"column":2},"end":{"line":98,"column":20}},"85":{"start":{"line":99,"column":2},"end":{"line":99,"column":30}},"86":{"start":{"line":100,"column":2},"end":{"line":100,"column":20}},"87":{"start":{"line":101,"column":2},"end":{"line":101,"column":28}},"88":{"start":{"line":102,"column":2},"end":{"line":102,"column":22}},"89":{"start":{"line":103,"column":2},"end":{"line":103,"column":32}},"90":{"start":{"line":104,"column":2},"end":{"line":104,"column":40}},"91":{"start":{"line":105,"column":2},"end":{"line":105,"column":28}},"92":{"start":{"line":106,"column":2},"end":{"line":106,"column":24}},"93":{"start":{"line":107,"column":2},"end":{"line":107,"column":26}},"94":{"start":{"line":108,"column":2},"end":{"line":108,"column":18}},"95":{"start":{"line":109,"column":2},"end":{"line":109,"column":18}},"96":{"start":{"line":110,"column":2},"end":{"line":110,"column":26}},"97":{"start":{"line":111,"column":2},"end":{"line":111,"column":32}},"98":{"start":{"line":112,"column":2},"end":{"line":112,"column":30}},"99":{"start":{"line":113,"column":2},"end":{"line":113,"column":34}},"100":{"start":{"line":114,"column":2},"end":{"line":114,"column":26}},"101":{"start":{"line":115,"column":2},"end":{"line":115,"column":14}},"102":{"start":{"line":116,"column":2},"end":{"line":116,"column":30}},"103":{"start":{"line":117,"column":2},"end":{"line":117,"column":30}},"104":{"start":{"line":118,"column":2},"end":{"line":118,"column":30}},"105":{"start":{"line":119,"column":2},"end":{"line":119,"column":40}},"106":{"start":{"line":120,"column":2},"end":{"line":120,"column":14}},"107":{"start":{"line":121,"column":2},"end":{"line":121,"column":28}},"108":{"start":{"line":122,"column":2},"end":{"line":122,"column":26}},"109":{"start":{"line":123,"column":2},"end":{"line":123,"column":34}},"110":{"start":{"line":124,"column":2},"end":{"line":124,"column":36}},"111":{"start":{"line":125,"column":2},"end":{"line":125,"column":22}},"112":{"start":{"line":126,"column":2},"end":{"line":126,"column":22}},"113":{"start":{"line":127,"column":2},"end":{"line":127,"column":26}},"114":{"start":{"line":128,"column":2},"end":{"line":128,"column":24}},"115":{"start":{"line":129,"column":2},"end":{"line":129,"column":34}},"116":{"start":{"line":130,"column":2},"end":{"line":130,"column":28}},"117":{"start":{"line":131,"column":2},"end":{"line":131,"column":40}},"118":{"start":{"line":132,"column":2},"end":{"line":132,"column":32}},"119":{"start":{"line":133,"column":2},"end":{"line":133,"column":32}},"120":{"start":{"line":134,"column":2},"end":{"line":134,"column":26}},"121":{"start":{"line":137,"column":2},"end":{"line":137,"column":29}},"122":{"start":{"line":141,"column":2},"end":{"line":141,"column":22}},"123":{"start":{"line":142,"column":2},"end":{"line":142,"column":18}},"124":{"start":{"line":143,"column":2},"end":{"line":143,"column":63}},"125":{"start":{"line":148,"column":2},"end":{"line":148,"column":29}},"126":{"start":{"line":152,"column":4},"end":{"line":152,"column":27}},"127":{"start":{"line":153,"column":4},"end":{"line":153,"column":48}},"128":{"start":{"line":154,"column":4},"end":{"line":154,"column":23}},"129":{"start":{"line":155,"column":4},"end":{"line":155,"column":25}},"130":{"start":{"line":159,"column":2},"end":{"line":162,"column":null}},"131":{"start":{"line":159,"column":31},"end":{"line":159,"column":51}},"132":{"start":{"line":160,"column":4},"end":{"line":160,"column":42}},"133":{"start":{"line":161,"column":4},"end":{"line":161,"column":44}},"134":{"start":{"line":164,"column":2},"end":{"line":168,"column":null}},"135":{"start":{"line":165,"column":4},"end":{"line":165,"column":98}},"136":{"start":{"line":166,"column":4},"end":{"line":166,"column":26}},"137":{"start":{"line":167,"column":4},"end":{"line":167,"column":28}},"138":{"start":{"line":170,"column":9},"end":{"line":186,"column":null}},"139":{"start":{"line":171,"column":18},"end":{"line":171,"column":107}},"140":{"start":{"line":171,"column":81},"end":{"line":171,"column":107}},"141":{"start":{"line":173,"column":6},"end":{"line":173,"column":22}},"142":{"start":{"line":177,"column":6},"end":{"line":177,"column":36}},"143":{"start":{"line":179,"column":6},"end":{"line":179,"column":28}},"144":{"start":{"line":183,"column":6},"end":{"line":183,"column":19}},"145":{"start":{"line":185,"column":4},"end":{"line":185,"column":18}},"146":{"start":{"line":188,"column":9},"end":{"line":202,"column":null}},"147":{"start":{"line":188,"column":32},"end":{"line":188,"column":null}},"148":{"start":{"line":190,"column":6},"end":{"line":190,"column":20}},"149":{"start":{"line":192,"column":28},"end":{"line":192,"column":66}},"150":{"start":{"line":194,"column":6},"end":{"line":194,"column":48}},"151":{"start":{"line":196,"column":4},"end":{"line":200,"column":7}},"152":{"start":{"line":197,"column":19},"end":{"line":197,"column":91}},"153":{"start":{"line":197,"column":62},"end":{"line":197,"column":91}},"154":{"start":{"line":198,"column":6},"end":{"line":198,"column":64}},"155":{"start":{"line":199,"column":6},"end":{"line":199,"column":59}},"156":{"start":{"line":201,"column":4},"end":{"line":201,"column":21}},"157":{"start":{"line":204,"column":2},"end":{"line":213,"column":null}},"158":{"start":{"line":205,"column":4},"end":{"line":212,"column":7}},"159":{"start":{"line":215,"column":8},"end":{"line":218,"column":null}},"160":{"start":{"line":215,"column":25},"end":{"line":215,"column":null}},"161":{"start":{"line":216,"column":21},"end":{"line":216,"column":null}},"162":{"start":{"line":216,"column":10},"end":{"line":216,"column":null}},"163":{"start":{"line":217,"column":4},"end":{"line":217,"column":40}},"164":{"start":{"line":220,"column":8},"end":{"line":226,"column":null}},"165":{"start":{"line":220,"column":26},"end":{"line":220,"column":null}},"166":{"start":{"line":221,"column":21},"end":{"line":221,"column":null}},"167":{"start":{"line":221,"column":10},"end":{"line":221,"column":null}},"168":{"start":{"line":223,"column":6},"end":{"line":223,"column":30}},"169":{"start":{"line":225,"column":4},"end":{"line":225,"column":40}},"170":{"start":{"line":228,"column":8},"end":{"line":231,"column":null}},"171":{"start":{"line":228,"column":30},"end":{"line":228,"column":47}},"172":{"start":{"line":228,"column":47},"end":{"line":228,"column":null}},"173":{"start":{"line":229,"column":21},"end":{"line":229,"column":null}},"174":{"start":{"line":229,"column":10},"end":{"line":229,"column":null}},"175":{"start":{"line":230,"column":4},"end":{"line":230,"column":40}},"176":{"start":{"line":233,"column":9},"end":{"line":235,"column":null}},"177":{"start":{"line":234,"column":4},"end":{"line":234,"column":32}},"178":{"start":{"line":78,"column":9},"end":{"line":78,"column":20}},"179":{"start":{"line":236,"column":0},"end":{"line":236,"column":null}}},"fnMap":{"0":{"name":"(anonymous_19)","decl":{"start":{"line":69,"column":19},"end":{"line":69,"column":20}},"loc":{"start":{"line":69,"column":32},"end":{"line":75,"column":1}}},"1":{"name":"Api","decl":{"start":{"line":150,"column":2},"end":{"line":150,"column":14}},"loc":{"start":{"line":150,"column":46},"end":{"line":156,"column":3}}},"2":{"name":"(anonymous_22)","decl":{"start":{"line":159,"column":2},"end":{"line":159,"column":6}},"loc":{"start":{"line":159,"column":29},"end":{"line":162,"column":3}}},"3":{"name":"(anonymous_23)","decl":{"start":{"line":164,"column":2},"end":{"line":164,"column":14}},"loc":{"start":{"line":164,"column":2},"end":{"line":168,"column":3}}},"4":{"name":"(anonymous_24)","decl":{"start":{"line":170,"column":2},"end":{"line":170,"column":9}},"loc":{"start":{"line":170,"column":31},"end":{"line":186,"column":3}}},"5":{"name":"(anonymous_25)","decl":{"start":{"line":171,"column":71},"end":{"line":171,"column":77}},"loc":{"start":{"line":171,"column":77},"end":{"line":171,"column":87}}},"6":{"name":"(anonymous_26)","decl":{"start":{"line":188,"column":2},"end":{"line":188,"column":9}},"loc":{"start":{"line":188,"column":50},"end":{"line":202,"column":3}}},"7":{"name":"(anonymous_27)","decl":{"start":{"line":196,"column":32},"end":{"line":196,"column":33}},"loc":{"start":{"line":196,"column":44},"end":{"line":200,"column":5}}},"8":{"name":"(anonymous_28)","decl":{"start":{"line":197,"column":47},"end":{"line":197,"column":48}},"loc":{"start":{"line":197,"column":57},"end":{"line":197,"column":63}}},"9":{"name":"(anonymous_29)","decl":{"start":{"line":204,"column":2},"end":{"line":204,"column":11}},"loc":{"start":{"line":204,"column":22},"end":{"line":213,"column":3}}},"10":{"name":"(anonymous_39)","decl":{"start":{"line":233,"column":2},"end":{"line":233,"column":9}},"loc":{"start":{"line":233,"column":2},"end":{"line":235,"column":3}}}},"branchMap":{"0":{"loc":{"start":{"line":151,"column":4},"end":{"line":151,"column":11}},"type":"binary-expr","locations":[{"start":{"line":151,"column":4},"end":{"line":151,"column":11}},{"start":{"line":151,"column":11},"end":{"line":151,"column":null}}]},"1":{"loc":{"start":{"line":188,"column":32},"end":{"line":188,"column":null}},"type":"if","locations":[{"start":{"line":188,"column":32},"end":{"line":188,"column":null}},{"start":{"line":188,"column":32},"end":{"line":188,"column":null}}]},"2":{"loc":{"start":{"line":189,"column":8},"end":{"line":189,"column":15}},"type":"binary-expr","locations":[{"start":{"line":189,"column":8},"end":{"line":189,"column":15}},{"start":{"line":189,"column":19},"end":{"line":189,"column":83}}]},"3":{"loc":{"start":{"line":189,"column":21},"end":{"line":189,"column":50}},"type":"binary-expr","locations":[{"start":{"line":189,"column":21},"end":{"line":189,"column":50}},{"start":{"line":189,"column":54},"end":{"line":189,"column":82}}]},"4":{"loc":{"start":{"line":192,"column":59},"end":{"line":192,"column":61}},"type":"cond-expr","locations":[{"start":{"line":192,"column":59},"end":{"line":192,"column":61}},{"start":{"line":192,"column":64},"end":{"line":192,"column":66}}]},"5":{"loc":{"start":{"line":197,"column":68},"end":{"line":197,"column":84}},"type":"cond-expr","locations":[{"start":{"line":197,"column":68},"end":{"line":197,"column":84}},{"start":{"line":197,"column":87},"end":{"line":197,"column":89}}]},"6":{"loc":{"start":{"line":215,"column":25},"end":{"line":215,"column":null}},"type":"if","locations":[{"start":{"line":215,"column":25},"end":{"line":215,"column":null}},{"start":{"line":215,"column":25},"end":{"line":215,"column":null}}]},"7":{"loc":{"start":{"line":220,"column":26},"end":{"line":220,"column":null}},"type":"if","locations":[{"start":{"line":220,"column":26},"end":{"line":220,"column":null}},{"start":{"line":220,"column":26},"end":{"line":220,"column":null}}]},"8":{"loc":{"start":{"line":228,"column":30},"end":{"line":228,"column":47}},"type":"if","locations":[{"start":{"line":228,"column":30},"end":{"line":228,"column":47}},{"start":{"line":228,"column":30},"end":{"line":228,"column":47}}]},"9":{"loc":{"start":{"line":228,"column":47},"end":{"line":228,"column":null}},"type":"if","locations":[{"start":{"line":228,"column":47},"end":{"line":228,"column":null}},{"start":{"line":228,"column":47},"end":{"line":228,"column":null}}]}},"s":{"0":5,"1":5,"2":5,"3":5,"4":5,"5":5,"6":5,"7":5,"8":5,"9":5,"10":5,"11":5,"12":5,"13":5,"14":5,"15":5,"16":5,"17":5,"18":5,"19":5,"20":5,"21":5,"22":5,"23":5,"24":5,"25":5,"26":5,"27":5,"28":5,"29":5,"30":5,"31":5,"32":5,"33":5,"34":5,"35":5,"36":5,"37":5,"38":5,"39":5,"40":5,"41":5,"42":5,"43":5,"44":5,"45":5,"46":5,"47":5,"48":5,"49":5,"50":5,"51":5,"52":5,"53":5,"54":5,"55":5,"56":5,"57":5,"58":153,"59":153,"60":3825,"61":153,"62":5,"63":5,"64":12,"65":12,"66":12,"67":12,"68":12,"69":12,"70":12,"71":12,"72":12,"73":12,"74":12,"75":12,"76":12,"77":12,"78":12,"79":12,"80":12,"81":12,"82":12,"83":12,"84":12,"85":12,"86":12,"87":12,"88":12,"89":12,"90":12,"91":12,"92":12,"93":12,"94":12,"95":12,"96":12,"97":12,"98":12,"99":12,"100":12,"101":12,"102":12,"103":12,"104":12,"105":12,"106":12,"107":12,"108":12,"109":12,"110":12,"111":12,"112":12,"113":12,"114":12,"115":12,"116":12,"117":12,"118":12,"119":12,"120":12,"121":12,"122":12,"123":12,"124":12,"125":12,"126":12,"127":12,"128":11,"129":11,"130":5,"131":162,"132":54,"133":54,"134":5,"135":1,"136":1,"137":1,"138":5,"139":148,"140":150,"141":2,"142":148,"143":0,"144":7,"145":141,"146":5,"147":8912,"148":7934,"149":893,"150":33,"151":860,"152":8707,"153":1565,"154":8707,"155":8707,"156":860,"157":5,"158":153,"159":5,"160":68,"161":68,"162":66,"163":65,"164":5,"165":84,"166":83,"167":83,"168":1,"169":82,"170":5,"171":1,"172":2,"173":1,"174":1,"175":1,"176":5,"177":12,"178":5,"179":5},"f":{"0":153,"1":12,"2":54,"3":1,"4":148,"5":150,"6":8827,"7":8707,"8":1565,"9":153,"10":12},"b":{"0":[12,12],"1":[85,8742],"2":[8827,8241],"3":[8241,7656],"4":[308,585],"5":[1565,0],"6":[0,68],"7":[1,82],"8":[0,1],"9":[1,0]}}
,"/home/travis/build/Hongarc/node-facebook/src/facebook.ts": {"path":"/home/travis/build/Hongarc/node-facebook/src/facebook.ts","statementMap":{"0":{"start":{"line":5,"column":0},"end":{"line":5,"column":48}},"1":{"start":{"line":6,"column":0},"end":{"line":6,"column":24}},"2":{"start":{"line":17,"column":15},"end":{"line":23,"column":1}},"3":{"start":{"line":19,"column":4},"end":{"line":19,"column":67}},"4":{"start":{"line":21,"column":4},"end":{"line":21,"column":17}},"5":{"start":{"line":24,"column":16},"end":{"line":24,"column":44}},"6":{"start":{"line":24,"column":43},"end":{"line":24,"column":63}},"7":{"start":{"line":25,"column":19},"end":{"line":25,"column":52}},"8":{"start":{"line":25,"column":46},"end":{"line":25,"column":80}},"9":{"start":{"line":27,"column":0},"end":{"line":27,"column":null}},"10":{"start":{"line":33,"column":6},"end":{"line":33,"column":65}},"11":{"start":{"line":35,"column":4},"end":{"line":35,"column":21}},"12":{"start":{"line":36,"column":4},"end":{"line":36,"column":66}},"13":{"start":{"line":39,"column":8},"end":{"line":49,"column":null}},"14":{"start":{"line":40,"column":8},"end":{"line":40,"column":9}},"15":{"start":{"line":41,"column":6},"end":{"line":43,"column":9}},"16":{"start":{"line":42,"column":8},"end":{"line":42,"column":20}},"17":{"start":{"line":45,"column":16},"end":{"line":45,"column":null}},"18":{"start":{"line":45,"column":10},"end":{"line":45,"column":null}},"19":{"start":{"line":46,"column":10},"end":{"line":46,"column":43}},"20":{"start":{"line":48,"column":4},"end":{"line":48,"column":15}},"21":{"start":{"line":50,"column":0},"end":{"line":50,"column":null}}},"fnMap":{"0":{"name":"(anonymous_13)","decl":{"start":{"line":17,"column":15},"end":{"line":17,"column":16}},"loc":{"start":{"line":17,"column":28},"end":{"line":23,"column":1}}},"1":{"name":"(anonymous_14)","decl":{"start":{"line":24,"column":16},"end":{"line":24,"column":17}},"loc":{"start":{"line":24,"column":29},"end":{"line":24,"column":44}}},"2":{"name":"(anonymous_15)","decl":{"start":{"line":25,"column":19},"end":{"line":25,"column":20}},"loc":{"start":{"line":25,"column":32},"end":{"line":25,"column":52}}},"3":{"name":"(anonymous_16)","decl":{"start":{"line":27,"column":0},"end":{"line":27,"column":null}},"loc":{"start":{"line":27,"column":0},"end":{"line":50,"column":null}}},"4":{"name":"Facebook","decl":{"start":{"line":31,"column":2},"end":{"line":31,"column":14}},"loc":{"start":{"line":31,"column":28},"end":{"line":37,"column":3}}},"5":{"name":"(anonymous_21)","decl":{"start":{"line":41,"column":55},"end":{"line":41,"column":56}},"loc":{"start":{"line":41,"column":61},"end":{"line":43,"column":7}}}},"branchMap":{"0":{"loc":{"start":{"line":19,"column":12},"end":{"line":19,"column":36}},"type":"binary-expr","locations":[{"start":{"line":19,"column":12},"end":{"line":19,"column":36}},{"start":{"line":19,"column":42},"end":{"line":19,"column":65}}]},"1":{"loc":{"start":{"line":25,"column":46},"end":{"line":25,"column":60}},"type":"binary-expr","locations":[{"start":{"line":25,"column":46},"end":{"line":25,"column":60}},{"start":{"line":25,"column":64},"end":{"line":25,"column":79}}]},"2":{"loc":{"start":{"line":40,"column":8},"end":{"line":40,"column":27}},"type":"binary-expr","locations":[{"start":{"line":40,"column":8},"end":{"line":40,"column":27}},{"start":{"line":40,"column":31},"end":{"line":40,"column":48}}]}},"s":{"0":5,"1":5,"2":5,"3":21,"4":14,"5":5,"6":29,"7":5,"8":18,"9":5,"10":4,"11":14,"12":14,"13":5,"14":11,"15":6,"16":2,"17":12,"18":12,"19":12,"20":11,"21":5},"f":{"0":21,"1":29,"2":18,"3":5,"4":18,"5":2},"b":{"0":[21,7],"1":[18,15],"2":[14,3]}}
,"/home/travis/build/Hongarc/node-facebook/src/index.ts": {"path":"/home/travis/build/Hongarc/node-facebook/src/index.ts","statementMap":{"0":{"start":{"line":1,"column":0},"end":{"line":1,"column":34}},"1":{"start":{"line":3,"column":0},"end":{"line":3,"column":26}}},"fnMap":{},"branchMap":{},"s":{"0":0,"1":0},"f":{},"b":{}}
,"/home/travis/build/Hongarc/node-facebook/src/propApi/accept-friend.ts": {"path":"/home/travis/build/Hongarc/node-facebook/src/propApi/accept-friend.ts","statementMap":{"0":{"start":{"line":4,"column":2},"end":{"line":8,"column":5}},"1":{"start":{"line":3,"column":0},"end":{"line":3,"column":36}}},"fnMap":{"0":{"name":"default_1","decl":{"start":{"line":3,"column":0},"end":{"line":3,"column":36}},"loc":{"start":{"line":3,"column":46},"end":{"line":9,"column":1}}}},"branchMap":{},"s":{"0":3,"1":5},"f":{"0":3},"b":{}}
,"/home/travis/build/Hongarc/node-facebook/src/propApi/add-friend.ts": {"path":"/home/travis/build/Hongarc/node-facebook/src/propApi/add-friend.ts","statementMap":{"0":{"start":{"line":4,"column":2},"end":{"line":8,"column":5}},"1":{"start":{"line":3,"column":0},"end":{"line":3,"column":36}}},"fnMap":{"0":{"name":"default_1","decl":{"start":{"line":3,"column":0},"end":{"line":3,"column":36}},"loc":{"start":{"line":3,"column":46},"end":{"line":9,"column":1}}}},"branchMap":{},"s":{"0":4,"1":5},"f":{"0":4},"b":{}}
,"/home/travis/build/Hongarc/node-facebook/src/propApi/add-user-to-thread.ts": {"path":"/home/travis/build/Hongarc/node-facebook/src/propApi/add-user-to-thread.ts","statementMap":{"0":{"start":{"line":1,"column":0},"end":{"line":1,"column":39}},"1":{"start":{"line":3,"column":50},"end":{"line":3,"column":66}},"2":{"start":{"line":4,"column":23},"end":{"line":4,"column":68}},"3":{"start":{"line":4,"column":51},"end":{"line":4,"column":68}},"4":{"start":{"line":5,"column":14},"end":{"line":5,"column":26}},"5":{"start":{"line":6,"column":2},"end":{"line":17,"column":5}},"6":{"start":{"line":3,"column":0},"end":{"line":3,"column":36}}},"fnMap":{"0":{"name":"default_1","decl":{"start":{"line":3,"column":0},"end":{"line":3,"column":36}},"loc":{"start":{"line":3,"column":48},"end":{"line":18,"column":1}}},"1":{"name":"(anonymous_2)","decl":{"start":{"line":4,"column":35},"end":{"line":4,"column":36}},"loc":{"start":{"line":4,"column":46},"end":{"line":4,"column":59}}}},"branchMap":{},"s":{"0":5,"1":3,"2":1,"3":1,"4":1,"5":1,"6":5},"f":{"0":1,"1":1},"b":{}}
,"/home/travis/build/Hongarc/node-facebook/src/propApi/archived.ts": {"path":"/home/travis/build/Hongarc/node-facebook/src/propApi/archived.ts","statementMap":{"0":{"start":{"line":3,"column":54},"end":{"line":3,"column":69}},"1":{"start":{"line":4,"column":20},"end":{"line":4,"column":22}},"2":{"start":{"line":5,"column":2},"end":{"line":7,"column":5}},"3":{"start":{"line":6,"column":4},"end":{"line":6,"column":22}},"4":{"start":{"line":8,"column":2},"end":{"line":10,"column":5}},"5":{"start":{"line":3,"column":0},"end":{"line":3,"column":36}}},"fnMap":{"0":{"name":"default_1","decl":{"start":{"line":3,"column":0},"end":{"line":3,"column":36}},"loc":{"start":{"line":3,"column":52},"end":{"line":11,"column":1}}},"1":{"name":"(anonymous_1)","decl":{"start":{"line":5,"column":17},"end":{"line":5,"column":18}},"loc":{"start":{"line":5,"column":24},"end":{"line":7,"column":3}}}},"branchMap":{},"s":{"0":0,"1":0,"2":0,"3":0,"4":0,"5":5},"f":{"0":0,"1":0},"b":{}}
,"/home/travis/build/Hongarc/node-facebook/src/propApi/block-message.ts": {"path":"/home/travis/build/Hongarc/node-facebook/src/propApi/block-message.ts","statementMap":{"0":{"start":{"line":4,"column":2},"end":{"line":6,"column":5}},"1":{"start":{"line":3,"column":0},"end":{"line":3,"column":36}}},"fnMap":{"0":{"name":"default_1","decl":{"start":{"line":3,"column":0},"end":{"line":3,"column":36}},"loc":{"start":{"line":3,"column":42},"end":{"line":7,"column":1}}}},"branchMap":{},"s":{"0":1,"1":5},"f":{"0":1},"b":{}}
,"/home/travis/build/Hongarc/node-facebook/src/propApi/block-page.ts": {"path":"/home/travis/build/Hongarc/node-facebook/src/propApi/block-page.ts","statementMap":{"0":{"start":{"line":3,"column":48},"end":{"line":3,"column":null}},"1":{"start":{"line":4,"column":2},"end":{"line":7,"column":5}},"2":{"start":{"line":3,"column":0},"end":{"line":3,"column":36}}},"fnMap":{"0":{"name":"default_1","decl":{"start":{"line":3,"column":0},"end":{"line":3,"column":36}},"loc":{"start":{"line":3,"column":71},"end":{"line":8,"column":1}}}},"branchMap":{"0":{"loc":{"start":{"line":3,"column":48},"end":{"line":3,"column":null}},"type":"if","locations":[{"start":{"line":3,"column":48},"end":{"line":3,"column":null}},{"start":{"line":3,"column":48},"end":{"line":3,"column":null}}]}},"s":{"0":0,"1":0,"2":5},"f":{"0":0},"b":{"0":[0,0]}}
,"/home/travis/build/Hongarc/node-facebook/src/propApi/block-user.ts": {"path":"/home/travis/build/Hongarc/node-facebook/src/propApi/block-user.ts","statementMap":{"0":{"start":{"line":4,"column":2},"end":{"line":10,"column":5}},"1":{"start":{"line":3,"column":0},"end":{"line":3,"column":36}}},"fnMap":{"0":{"name":"default_1","decl":{"start":{"line":3,"column":0},"end":{"line":3,"column":36}},"loc":{"start":{"line":3,"column":46},"end":{"line":11,"column":1}}}},"branchMap":{},"s":{"0":1,"1":5},"f":{"0":1},"b":{}}
,"/home/travis/build/Hongarc/node-facebook/src/propApi/bookmark.ts": {"path":"/home/travis/build/Hongarc/node-facebook/src/propApi/bookmark.ts","statementMap":{"0":{"start":{"line":3,"column":16},"end":{"line":3,"column":41}},"1":{"start":{"line":5,"column":44},"end":{"line":5,"column":null}},"2":{"start":{"line":6,"column":17},"end":{"line":6,"column":41}},"3":{"start":{"line":7,"column":2},"end":{"line":9,"column":5}},"4":{"start":{"line":5,"column":0},"end":{"line":5,"column":36}}},"fnMap":{"0":{"name":"default_1","decl":{"start":{"line":5,"column":0},"end":{"line":5,"column":36}},"loc":{"start":{"line":5,"column":57},"end":{"line":10,"column":1}}}},"branchMap":{"0":{"loc":{"start":{"line":5,"column":44},"end":{"line":5,"column":null}},"type":"if","locations":[{"start":{"line":5,"column":44},"end":{"line":5,"column":null}},{"start":{"line":5,"column":44},"end":{"line":5,"column":null}}]},"1":{"loc":{"start":{"line":6,"column":17},"end":{"line":6,"column":27}},"type":"binary-expr","locations":[{"start":{"line":6,"column":17},"end":{"line":6,"column":27}},{"start":{"line":6,"column":31},"end":{"line":6,"column":41}}]}},"s":{"0":5,"1":0,"2":0,"3":0,"4":5},"f":{"0":0},"b":{"0":[0,0],"1":[0,0]}}
,"/home/travis/build/Hongarc/node-facebook/src/propApi/cancel-friend.ts": {"path":"/home/travis/build/Hongarc/node-facebook/src/propApi/cancel-friend.ts","statementMap":{"0":{"start":{"line":4,"column":2},"end":{"line":7,"column":5}},"1":{"start":{"line":3,"column":0},"end":{"line":3,"column":36}}},"fnMap":{"0":{"name":"default_1","decl":{"start":{"line":3,"column":0},"end":{"line":3,"column":36}},"loc":{"start":{"line":3,"column":46},"end":{"line":8,"column":1}}}},"branchMap":{},"s":{"0":3,"1":5},"f":{"0":3},"b":{}}
,"/home/travis/build/Hongarc/node-facebook/src/propApi/cancel-join-group.ts": {"path":"/home/travis/build/Hongarc/node-facebook/src/propApi/cancel-join-group.ts","statementMap":{"0":{"start":{"line":4,"column":2},"end":{"line":6,"column":5}},"1":{"start":{"line":3,"column":0},"end":{"line":3,"column":36}}},"fnMap":{"0":{"name":"default_1","decl":{"start":{"line":3,"column":0},"end":{"line":3,"column":36}},"loc":{"start":{"line":3,"column":47},"end":{"line":7,"column":1}}}},"branchMap":{},"s":{"0":0,"1":5},"f":{"0":0},"b":{}}
,"/home/travis/build/Hongarc/node-facebook/src/propApi/change-bio.ts": {"path":"/home/travis/build/Hongarc/node-facebook/src/propApi/change-bio.ts","statementMap":{"0":{"start":{"line":3,"column":49},"end":{"line":3,"column":null}},"1":{"start":{"line":4,"column":2},"end":{"line":7,"column":5}},"2":{"start":{"line":3,"column":0},"end":{"line":3,"column":36}}},"fnMap":{"0":{"name":"default_1","decl":{"start":{"line":3,"column":0},"end":{"line":3,"column":36}},"loc":{"start":{"line":3,"column":67},"end":{"line":8,"column":1}}}},"branchMap":{"0":{"loc":{"start":{"line":3,"column":49},"end":{"line":3,"column":null}},"type":"if","locations":[{"start":{"line":3,"column":49},"end":{"line":3,"column":null}},{"start":{"line":3,"column":49},"end":{"line":3,"column":null}}]}},"s":{"0":1,"1":1,"2":5},"f":{"0":1},"b":{"0":[0,1]}}
,"/home/travis/build/Hongarc/node-facebook/src/propApi/change-emoji.ts": {"path":"/home/travis/build/Hongarc/node-facebook/src/propApi/change-emoji.ts","statementMap":{"0":{"start":{"line":4,"column":2},"end":{"line":7,"column":5}},"1":{"start":{"line":3,"column":0},"end":{"line":3,"column":36}}},"fnMap":{"0":{"name":"default_1","decl":{"start":{"line":3,"column":0},"end":{"line":3,"column":36}},"loc":{"start":{"line":3,"column":63},"end":{"line":8,"column":1}}}},"branchMap":{},"s":{"0":3,"1":5},"f":{"0":3},"b":{}}
,"/home/travis/build/Hongarc/node-facebook/src/propApi/change-nickname.ts": {"path":"/home/travis/build/Hongarc/node-facebook/src/propApi/change-nickname.ts","statementMap":{"0":{"start":{"line":4,"column":2},"end":{"line":8,"column":5}},"1":{"start":{"line":3,"column":0},"end":{"line":3,"column":36}}},"fnMap":{"0":{"name":"default_1","decl":{"start":{"line":3,"column":0},"end":{"line":3,"column":36}},"loc":{"start":{"line":3,"column":86},"end":{"line":9,"column":1}}}},"branchMap":{"0":{"loc":{"start":{"line":7,"column":20},"end":{"line":7,"column":33}},"type":"binary-expr","locations":[{"start":{"line":7,"column":20},"end":{"line":7,"column":33}},{"start":{"line":7,"column":37},"end":{"line":7,"column":45}}]}},"s":{"0":1,"1":5},"f":{"0":1},"b":{"0":[1,1]}}
,"/home/travis/build/Hongarc/node-facebook/src/propApi/create-msg-group.ts": {"path":"/home/travis/build/Hongarc/node-facebook/src/propApi/create-msg-group.ts","statementMap":{"0":{"start":{"line":8,"column":57},"end":{"line":8,"column":78}},"1":{"start":{"line":9,"column":2},"end":{"line":34,"column":5}},"2":{"start":{"line":17,"column":59},"end":{"line":17,"column":74}},"3":{"start":{"line":27,"column":12},"end":{"line":27,"column":18}},"4":{"start":{"line":28,"column":4},"end":{"line":33,"column":6}},"5":{"start":{"line":8,"column":0},"end":{"line":8,"column":36}}},"fnMap":{"0":{"name":"default_1","decl":{"start":{"line":8,"column":0},"end":{"line":8,"column":36}},"loc":{"start":{"line":8,"column":55},"end":{"line":35,"column":1}}},"1":{"name":"(anonymous_1)","decl":{"start":{"line":17,"column":53},"end":{"line":17,"column":55}},"loc":{"start":{"line":17,"column":55},"end":{"line":17,"column":60}}},"2":{"name":"(anonymous_2)","decl":{"start":{"line":26,"column":10},"end":{"line":26,"column":11}},"loc":{"start":{"line":26,"column":25},"end":{"line":34,"column":3}}}},"branchMap":{},"s":{"0":3,"1":1,"2":2,"3":1,"4":1,"5":5},"f":{"0":1,"1":2,"2":1},"b":{}}
,"/home/travis/build/Hongarc/node-facebook/src/propApi/create-poll.ts": {"path":"/home/travis/build/Hongarc/node-facebook/src/propApi/create-poll.ts","statementMap":{"0":{"start":{"line":4,"column":2},"end":{"line":9,"column":5}},"1":{"start":{"line":8,"column":78},"end":{"line":8,"column":93}},"2":{"start":{"line":3,"column":0},"end":{"line":3,"column":36}}},"fnMap":{"0":{"name":"default_1","decl":{"start":{"line":3,"column":0},"end":{"line":3,"column":36}},"loc":{"start":{"line":3,"column":78},"end":{"line":10,"column":1}}},"1":{"name":"(anonymous_1)","decl":{"start":{"line":8,"column":57},"end":{"line":8,"column":58}},"loc":{"start":{"line":8,"column":73},"end":{"line":8,"column":84}}}},"branchMap":{},"s":{"0":1,"1":3,"2":5},"f":{"0":1,"1":3},"b":{}}
,"/home/travis/build/Hongarc/node-facebook/src/propApi/delete-message.ts": {"path":"/home/travis/build/Hongarc/node-facebook/src/propApi/delete-message.ts","statementMap":{"0":{"start":{"line":3,"column":36},"end":{"line":3,"column":55}},"1":{"start":{"line":4,"column":2},"end":{"line":6,"column":5}},"2":{"start":{"line":3,"column":0},"end":{"line":3,"column":36}}},"fnMap":{"0":{"name":"default_1","decl":{"start":{"line":3,"column":0},"end":{"line":3,"column":36}},"loc":{"start":{"line":3,"column":0},"end":{"line":7,"column":1}}}},"branchMap":{},"s":{"0":57,"1":19,"2":5},"f":{"0":19},"b":{}}
,"/home/travis/build/Hongarc/node-facebook/src/propApi/delete-thread.ts": {"path":"/home/travis/build/Hongarc/node-facebook/src/propApi/delete-thread.ts","statementMap":{"0":{"start":{"line":3,"column":36},"end":{"line":3,"column":54}},"1":{"start":{"line":4,"column":2},"end":{"line":6,"column":5}},"2":{"start":{"line":3,"column":0},"end":{"line":3,"column":36}}},"fnMap":{"0":{"name":"default_1","decl":{"start":{"line":3,"column":0},"end":{"line":3,"column":36}},"loc":{"start":{"line":3,"column":0},"end":{"line":7,"column":1}}}},"branchMap":{},"s":{"0":6,"1":2,"2":5},"f":{"0":2},"b":{}}
,"/home/travis/build/Hongarc/node-facebook/src/propApi/follow-profile.ts": {"path":"/home/travis/build/Hongarc/node-facebook/src/propApi/follow-profile.ts","statementMap":{"0":{"start":{"line":3,"column":48},"end":{"line":3,"column":null}},"1":{"start":{"line":4,"column":17},"end":{"line":4,"column":49}},"2":{"start":{"line":5,"column":2},"end":{"line":8,"column":5}},"3":{"start":{"line":3,"column":0},"end":{"line":3,"column":36}}},"fnMap":{"0":{"name":"default_1","decl":{"start":{"line":3,"column":0},"end":{"line":3,"column":36}},"loc":{"start":{"line":3,"column":72},"end":{"line":9,"column":1}}}},"branchMap":{"0":{"loc":{"start":{"line":3,"column":48},"end":{"line":3,"column":null}},"type":"if","locations":[{"start":{"line":3,"column":48},"end":{"line":3,"column":null}},{"start":{"line":3,"column":48},"end":{"line":3,"column":null}}]},"1":{"loc":{"start":{"line":4,"column":28},"end":{"line":4,"column":36}},"type":"cond-expr","locations":[{"start":{"line":4,"column":28},"end":{"line":4,"column":36}},{"start":{"line":4,"column":39},"end":{"line":4,"column":49}}]}},"s":{"0":0,"1":0,"2":0,"3":5},"f":{"0":0},"b":{"0":[0,0],"1":[0,0]}}
,"/home/travis/build/Hongarc/node-facebook/src/propApi/forward-attachment.ts": {"path":"/home/travis/build/Hongarc/node-facebook/src/propApi/forward-attachment.ts","statementMap":{"0":{"start":{"line":1,"column":0},"end":{"line":1,"column":39}},"1":{"start":{"line":3,"column":54},"end":{"line":3,"column":72}},"2":{"start":{"line":4,"column":26},"end":{"line":4,"column":28}},"3":{"start":{"line":5,"column":2},"end":{"line":7,"column":5}},"4":{"start":{"line":6,"column":4},"end":{"line":6,"column":39}},"5":{"start":{"line":8,"column":2},"end":{"line":11,"column":5}},"6":{"start":{"line":3,"column":0},"end":{"line":3,"column":36}}},"fnMap":{"0":{"name":"default_1","decl":{"start":{"line":3,"column":0},"end":{"line":3,"column":36}},"loc":{"start":{"line":3,"column":52},"end":{"line":12,"column":1}}},"1":{"name":"(anonymous_2)","decl":{"start":{"line":5,"column":20},"end":{"line":5,"column":21}},"loc":{"start":{"line":5,"column":33},"end":{"line":7,"column":3}}}},"branchMap":{},"s":{"0":5,"1":0,"2":0,"3":0,"4":0,"5":0,"6":5},"f":{"0":0,"1":0},"b":{}}
,"/home/travis/build/Hongarc/node-facebook/src/propApi/get-my-id.ts": {"path":"/home/travis/build/Hongarc/node-facebook/src/propApi/get-my-id.ts","statementMap":{"0":{"start":{"line":4,"column":2},"end":{"line":4,"column":17}},"1":{"start":{"line":3,"column":0},"end":{"line":3,"column":null}}},"fnMap":{"0":{"name":"default_1","decl":{"start":{"line":3,"column":0},"end":{"line":3,"column":null}},"loc":{"start":{"line":3,"column":0},"end":{"line":5,"column":1}}}},"branchMap":{},"s":{"0":10,"1":5},"f":{"0":10},"b":{}}
,"/home/travis/build/Hongarc/node-facebook/src/propApi/get-photo-url.ts": {"path":"/home/travis/build/Hongarc/node-facebook/src/propApi/get-photo-url.ts","statementMap":{"0":{"start":{"line":4,"column":2},"end":{"line":7,"column":21}},"1":{"start":{"line":6,"column":30},"end":{"line":6,"column":63}},"2":{"start":{"line":7,"column":17},"end":{"line":7,"column":20}},"3":{"start":{"line":3,"column":0},"end":{"line":3,"column":36}}},"fnMap":{"0":{"name":"default_1","decl":{"start":{"line":3,"column":0},"end":{"line":3,"column":36}},"loc":{"start":{"line":3,"column":47},"end":{"line":8,"column":1}}},"1":{"name":"(anonymous_1)","decl":{"start":{"line":6,"column":10},"end":{"line":6,"column":11}},"loc":{"start":{"line":6,"column":25},"end":{"line":6,"column":38}}},"2":{"name":"(anonymous_2)","decl":{"start":{"line":7,"column":11},"end":{"line":7,"column":17}},"loc":{"start":{"line":7,"column":11},"end":{"line":7,"column":19}}}},"branchMap":{},"s":{"0":0,"1":0,"2":0,"3":5},"f":{"0":0,"1":0,"2":0},"b":{}}
,"/home/travis/build/Hongarc/node-facebook/src/propApi/get-state.ts": {"path":"/home/travis/build/Hongarc/node-facebook/src/propApi/get-state.ts","statementMap":{"0":{"start":{"line":5,"column":2},"end":{"line":5,"column":33}},"1":{"start":{"line":4,"column":0},"end":{"line":4,"column":null}}},"fnMap":{"0":{"name":"default_1","decl":{"start":{"line":4,"column":0},"end":{"line":4,"column":null}},"loc":{"start":{"line":4,"column":0},"end":{"line":6,"column":1}}}},"branchMap":{},"s":{"0":3,"1":5},"f":{"0":3},"b":{}}
,"/home/travis/build/Hongarc/node-facebook/src/propApi/get-thread-list.ts": {"path":"/home/travis/build/Hongarc/node-facebook/src/propApi/get-thread-list.ts","statementMap":{"0":{"start":{"line":2,"column":0},"end":{"line":2,"column":45}},"1":{"start":{"line":6,"column":70},"end":{"line":6,"column":null}},"2":{"start":{"line":7,"column":2},"end":{"line":17,"column":75}},"3":{"start":{"line":17,"column":30},"end":{"line":17,"column":74}},"4":{"start":{"line":6,"column":0},"end":{"line":6,"column":36}}},"fnMap":{"0":{"name":"default_1","decl":{"start":{"line":6,"column":0},"end":{"line":6,"column":36}},"loc":{"start":{"line":6,"column":96},"end":{"line":18,"column":1}}},"1":{"name":"(anonymous_1)","decl":{"start":{"line":17,"column":10},"end":{"line":17,"column":11}},"loc":{"start":{"line":17,"column":25},"end":{"line":17,"column":38}}}},"branchMap":{"0":{"loc":{"start":{"line":6,"column":70},"end":{"line":6,"column":null}},"type":"if","locations":[{"start":{"line":6,"column":70},"end":{"line":6,"column":null}},{"start":{"line":6,"column":70},"end":{"line":6,"column":null}}]}},"s":{"0":5,"1":2,"2":1,"3":1,"4":5},"f":{"0":1,"1":1},"b":{"0":[1,0]}}
,"/home/travis/build/Hongarc/node-facebook/src/propApi/get-thread-messages.ts": {"path":"/home/travis/build/Hongarc/node-facebook/src/propApi/get-thread-messages.ts","statementMap":{"0":{"start":{"line":2,"column":0},"end":{"line":2,"column":46}},"1":{"start":{"line":7,"column":2},"end":{"line":7,"column":22}},"2":{"start":{"line":7,"column":22},"end":{"line":7,"column":null}},"3":{"start":{"line":8,"column":2},"end":{"line":18,"column":77}},"4":{"start":{"line":18,"column":30},"end":{"line":18,"column":76}},"5":{"start":{"line":6,"column":0},"end":{"line":6,"column":36}}},"fnMap":{"0":{"name":"default_1","decl":{"start":{"line":6,"column":0},"end":{"line":6,"column":36}},"loc":{"start":{"line":7,"column":52},"end":{"line":19,"column":1}}},"1":{"name":"(anonymous_1)","decl":{"start":{"line":18,"column":10},"end":{"line":18,"column":11}},"loc":{"start":{"line":18,"column":25},"end":{"line":18,"column":38}}}},"branchMap":{"0":{"loc":{"start":{"line":7,"column":2},"end":{"line":7,"column":22}},"type":"if","locations":[{"start":{"line":7,"column":2},"end":{"line":7,"column":22}},{"start":{"line":7,"column":2},"end":{"line":7,"column":22}}]},"1":{"loc":{"start":{"line":7,"column":22},"end":{"line":7,"column":null}},"type":"if","locations":[{"start":{"line":7,"column":22},"end":{"line":7,"column":null}},{"start":{"line":7,"column":22},"end":{"line":7,"column":null}}]}},"s":{"0":5,"1":2,"2":2,"3":1,"4":1,"5":5},"f":{"0":1,"1":1},"b":{"0":[1,0],"1":[1,0]}}
,"/home/travis/build/Hongarc/node-facebook/src/propApi/get-user-info.ts": {"path":"/home/travis/build/Hongarc/node-facebook/src/propApi/get-user-info.ts","statementMap":{"0":{"start":{"line":1,"column":0},"end":{"line":1,"column":39}},"1":{"start":{"line":3,"column":36},"end":{"line":3,"column":52}},"2":{"start":{"line":4,"column":2},"end":{"line":6,"column":91}},"3":{"start":{"line":6,"column":30},"end":{"line":6,"column":90}},"4":{"start":{"line":3,"column":0},"end":{"line":3,"column":36}}},"fnMap":{"0":{"name":"default_1","decl":{"start":{"line":3,"column":0},"end":{"line":3,"column":36}},"loc":{"start":{"line":3,"column":0},"end":{"line":7,"column":1}}},"1":{"name":"(anonymous_2)","decl":{"start":{"line":6,"column":10},"end":{"line":6,"column":11}},"loc":{"start":{"line":6,"column":25},"end":{"line":6,"column":38}}}},"branchMap":{"0":{"loc":{"start":{"line":6,"column":30},"end":{"line":6,"column":46}},"type":"binary-expr","locations":[{"start":{"line":6,"column":30},"end":{"line":6,"column":46}},{"start":{"line":6,"column":50},"end":{"line":6,"column":89}}]}},"s":{"0":5,"1":36,"2":12,"3":12,"4":5},"f":{"0":12,"1":12},"b":{"0":[12,12]}}
,"/home/travis/build/Hongarc/node-facebook/src/propApi/graphql-batch.ts": {"path":"/home/travis/build/Hongarc/node-facebook/src/propApi/graphql-batch.ts","statementMap":{"0":{"start":{"line":1,"column":0},"end":{"line":1,"column":35}},"1":{"start":{"line":4,"column":2},"end":{"line":8,"column":71}},"2":{"start":{"line":8,"column":30},"end":{"line":8,"column":70}},"3":{"start":{"line":3,"column":0},"end":{"line":3,"column":36}}},"fnMap":{"0":{"name":"default_1","decl":{"start":{"line":3,"column":0},"end":{"line":3,"column":36}},"loc":{"start":{"line":3,"column":46},"end":{"line":9,"column":1}}},"1":{"name":"(anonymous_2)","decl":{"start":{"line":8,"column":10},"end":{"line":8,"column":11}},"loc":{"start":{"line":8,"column":25},"end":{"line":8,"column":33}}}},"branchMap":{},"s":{"0":5,"1":2,"2":2,"3":5},"f":{"0":2,"1":2},"b":{}}
,"/home/travis/build/Hongarc/node-facebook/src/propApi/graphql.ts": {"path":"/home/travis/build/Hongarc/node-facebook/src/propApi/graphql.ts","statementMap":{"0":{"start":{"line":1,"column":0},"end":{"line":1,"column":35}},"1":{"start":{"line":4,"column":10},"end":{"line":4,"column":19}},"2":{"start":{"line":4,"column":21},"end":{"line":4,"column":32}},"3":{"start":{"line":5,"column":2},"end":{"line":8,"column":59}},"4":{"start":{"line":8,"column":30},"end":{"line":8,"column":58}},"5":{"start":{"line":3,"column":0},"end":{"line":3,"column":36}}},"fnMap":{"0":{"name":"default_1","decl":{"start":{"line":3,"column":0},"end":{"line":3,"column":36}},"loc":{"start":{"line":3,"column":46},"end":{"line":9,"column":1}}},"1":{"name":"(anonymous_5)","decl":{"start":{"line":8,"column":10},"end":{"line":8,"column":11}},"loc":{"start":{"line":8,"column":25},"end":{"line":8,"column":33}}}},"branchMap":{},"s":{"0":5,"1":1,"2":1,"3":1,"4":1,"5":5},"f":{"0":1,"1":1},"b":{}}
,"/home/travis/build/Hongarc/node-facebook/src/propApi/join-group.ts": {"path":"/home/travis/build/Hongarc/node-facebook/src/propApi/join-group.ts","statementMap":{"0":{"start":{"line":4,"column":12},"end":{"line":4,"column":61}},"1":{"start":{"line":9,"column":4},"end":{"line":9,"column":77}},"2":{"start":{"line":10,"column":4},"end":{"line":10,"column":49}},"3":{"start":{"line":11,"column":4},"end":{"line":11,"column":56}},"4":{"start":{"line":13,"column":2},"end":{"line":13,"column":30}},"5":{"start":{"line":3,"column":0},"end":{"line":3,"column":36}}},"fnMap":{"0":{"name":"default_1","decl":{"start":{"line":3,"column":0},"end":{"line":3,"column":36}},"loc":{"start":{"line":3,"column":63},"end":{"line":14,"column":1}}}},"branchMap":{},"s":{"0":0,"1":0,"2":0,"3":0,"4":0,"5":5},"f":{"0":0},"b":{}}
,"/home/travis/build/Hongarc/node-facebook/src/propApi/leave-group.ts": {"path":"/home/travis/build/Hongarc/node-facebook/src/propApi/leave-group.ts","statementMap":{"0":{"start":{"line":4,"column":2},"end":{"line":7,"column":5}},"1":{"start":{"line":3,"column":0},"end":{"line":3,"column":36}}},"fnMap":{"0":{"name":"default_1","decl":{"start":{"line":3,"column":0},"end":{"line":3,"column":36}},"loc":{"start":{"line":3,"column":47},"end":{"line":8,"column":1}}}},"branchMap":{},"s":{"0":0,"1":5},"f":{"0":0},"b":{}}
,"/home/travis/build/Hongarc/node-facebook/src/propApi/listen.ts": {"path":"/home/travis/build/Hongarc/node-facebook/src/propApi/listen.ts","statementMap":{"0":{"start":{"line":2,"column":0},"end":{"line":2,"column":null}},"1":{"start":{"line":14,"column":19},"end":{"line":20,"column":1}},"2":{"start":{"line":15,"column":17},"end":{"line":15,"column":60}},"3":{"start":{"line":17,"column":4},"end":{"line":17,"column":14}},"4":{"start":{"line":19,"column":2},"end":{"line":19,"column":94}},"5":{"start":{"line":19,"column":50},"end":{"line":19,"column":77}},"6":{"start":{"line":22,"column":0},"end":{"line":22,"column":null}},"7":{"start":{"line":24,"column":4},"end":{"line":24,"column":17}},"8":{"start":{"line":26,"column":13},"end":{"line":26,"column":45}},"9":{"start":{"line":27,"column":2},"end":{"line":27,"column":21}},"10":{"start":{"line":28,"column":2},"end":{"line":28,"column":27}},"11":{"start":{"line":29,"column":22},"end":{"line":63,"column":3}},"12":{"start":{"line":32,"column":8},"end":{"line":32,"column":45}},"13":{"start":{"line":33,"column":8},"end":{"line":33,"column":14}},"14":{"start":{"line":35,"column":8},"end":{"line":37,"column":11}},"15":{"start":{"line":36,"column":10},"end":{"line":36,"column":48}},"16":{"start":{"line":38,"column":8},"end":{"line":38,"column":14}},"17":{"start":{"line":40,"column":8},"end":{"line":40,"column":14}},"18":{"start":{"line":42,"column":8},"end":{"line":42,"column":51}},"19":{"start":{"line":43,"column":8},"end":{"line":43,"column":14}},"20":{"start":{"line":45,"column":8},"end":{"line":45,"column":55}},"21":{"start":{"line":46,"column":8},"end":{"line":46,"column":14}},"22":{"start":{"line":50,"column":8},"end":{"line":50,"column":44}},"23":{"start":{"line":51,"column":8},"end":{"line":51,"column":14}},"24":{"start":{"line":53,"column":8},"end":{"line":53,"column":14}},"25":{"start":{"line":55,"column":8},"end":{"line":55,"column":49}},"26":{"start":{"line":56,"column":8},"end":{"line":56,"column":14}},"27":{"start":{"line":58,"column":8},"end":{"line":58,"column":49}},"28":{"start":{"line":59,"column":8},"end":{"line":59,"column":14}},"29":{"start":{"line":61,"column":8},"end":{"line":61,"column":40}},"30":{"start":{"line":64,"column":18},"end":{"line":106,"column":3}},"31":{"start":{"line":65,"column":4},"end":{"line":104,"column":22}},"32":{"start":{"line":67,"column":8},"end":{"line":67,"column":15}},"33":{"start":{"line":69,"column":7},"end":{"line":102,"column":9}},"34":{"start":{"line":72,"column":12},"end":{"line":72,"column":42}},"35":{"start":{"line":73,"column":12},"end":{"line":73,"column":18}},"36":{"start":{"line":75,"column":12},"end":{"line":77,"column":15}},"37":{"start":{"line":76,"column":14},"end":{"line":76,"column":59}},"38":{"start":{"line":78,"column":12},"end":{"line":78,"column":18}},"39":{"start":{"line":80,"column":12},"end":{"line":84,"column":15}},"40":{"start":{"line":82,"column":16},"end":{"line":82,"column":58}},"41":{"start":{"line":85,"column":12},"end":{"line":85,"column":18}},"42":{"start":{"line":87,"column":12},"end":{"line":87,"column":34}},"43":{"start":{"line":88,"column":12},"end":{"line":88,"column":18}},"44":{"start":{"line":94,"column":12},"end":{"line":94,"column":35}},"45":{"start":{"line":95,"column":12},"end":{"line":95,"column":18}},"46":{"start":{"line":97,"column":12},"end":{"line":97,"column":39}},"47":{"start":{"line":98,"column":12},"end":{"line":98,"column":18}},"48":{"start":{"line":100,"column":12},"end":{"line":100,"column":35}},"49":{"start":{"line":103,"column":6},"end":{"line":103,"column":16}},"50":{"start":{"line":105,"column":4},"end":{"line":105,"column":16}},"51":{"start":{"line":107,"column":2},"end":{"line":107,"column":19}}},"fnMap":{"0":{"name":"(anonymous_0)","decl":{"start":{"line":14,"column":19},"end":{"line":14,"column":20}},"loc":{"start":{"line":14,"column":37},"end":{"line":20,"column":1}}},"1":{"name":"(anonymous_1)","decl":{"start":{"line":19,"column":27},"end":{"line":19,"column":28}},"loc":{"start":{"line":19,"column":39},"end":{"line":19,"column":55}}},"2":{"name":"default_1","decl":{"start":{"line":22,"column":0},"end":{"line":22,"column":null}},"loc":{"start":{"line":22,"column":0},"end":{"line":108,"column":1}}},"3":{"name":"(anonymous_3)","decl":{"start":{"line":29,"column":22},"end":{"line":29,"column":23}},"loc":{"start":{"line":29,"column":34},"end":{"line":63,"column":3}}},"4":{"name":"(anonymous_4)","decl":{"start":{"line":35,"column":42},"end":{"line":35,"column":43}},"loc":{"start":{"line":35,"column":53},"end":{"line":37,"column":9}}},"5":{"name":"(anonymous_5)","decl":{"start":{"line":64,"column":18},"end":{"line":64,"column":null}},"loc":{"start":{"line":64,"column":18},"end":{"line":106,"column":3}}},"6":{"name":"(anonymous_6)","decl":{"start":{"line":65,"column":21},"end":{"line":65,"column":22}},"loc":{"start":{"line":65,"column":36},"end":{"line":104,"column":5}}},"7":{"name":"(anonymous_7)","decl":{"start":{"line":69,"column":35},"end":{"line":69,"column":36}},"loc":{"start":{"line":69,"column":44},"end":{"line":102,"column":7}}},"8":{"name":"(anonymous_8)","decl":{"start":{"line":75,"column":47},"end":{"line":75,"column":48}},"loc":{"start":{"line":75,"column":71},"end":{"line":77,"column":13}}},"9":{"name":"(anonymous_9)","decl":{"start":{"line":80,"column":49},"end":{"line":80,"column":50}},"loc":{"start":{"line":80,"column":73},"end":{"line":84,"column":13}}}},"branchMap":{"0":{"loc":{"start":{"line":31,"column":6},"end":{"line":33,"column":14}},"type":"switch","locations":[{"start":{"line":31,"column":6},"end":{"line":33,"column":14}},{"start":{"line":34,"column":6},"end":{"line":38,"column":14}},{"start":{"line":39,"column":6},"end":{"line":40,"column":14}},{"start":{"line":41,"column":6},"end":{"line":43,"column":14}},{"start":{"line":44,"column":6},"end":{"line":46,"column":14}},{"start":{"line":47,"column":6},"end":{"line":47,"column":30}},{"start":{"line":48,"column":6},"end":{"line":48,"column":40}},{"start":{"line":49,"column":6},"end":{"line":51,"column":14}},{"start":{"line":52,"column":6},"end":{"line":53,"column":14}},{"start":{"line":54,"column":6},"end":{"line":56,"column":14}},{"start":{"line":57,"column":6},"end":{"line":59,"column":14}},{"start":{"line":60,"column":6},"end":{"line":61,"column":40}}]},"1":{"loc":{"start":{"line":71,"column":10},"end":{"line":73,"column":18}},"type":"switch","locations":[{"start":{"line":71,"column":10},"end":{"line":73,"column":18}},{"start":{"line":74,"column":10},"end":{"line":78,"column":18}},{"start":{"line":79,"column":10},"end":{"line":85,"column":18}},{"start":{"line":86,"column":10},"end":{"line":88,"column":18}},{"start":{"line":89,"column":10},"end":{"line":89,"column":30}},{"start":{"line":90,"column":10},"end":{"line":90,"column":32}},{"start":{"line":91,"column":10},"end":{"line":91,"column":36}},{"start":{"line":92,"column":10},"end":{"line":92,"column":36}},{"start":{"line":93,"column":10},"end":{"line":95,"column":18}},{"start":{"line":96,"column":10},"end":{"line":98,"column":18}},{"start":{"line":99,"column":10},"end":{"line":100,"column":35}}]}},"s":{"0":5,"1":5,"2":7,"3":0,"4":7,"5":7,"6":7,"7":0,"8":2,"9":2,"10":2,"11":2,"12":11,"13":11,"14":7,"15":1,"16":7,"17":4,"18":1,"19":1,"20":3,"21":3,"22":9,"23":9,"24":0,"25":0,"26":0,"27":10,"28":10,"29":7,"30":2,"31":66,"32":0,"33":64,"34":0,"35":0,"36":0,"37":0,"38":0,"39":1,"40":0,"41":1,"42":52,"43":52,"44":9,"45":9,"46":2,"47":2,"48":1,"49":64,"50":66,"51":2},"f":{"0":7,"1":7,"2":2,"3":52,"4":1,"5":66,"6":64,"7":65,"8":0,"9":1},"b":{"0":[11,7,4,1,3,7,8,9,0,0,10,7],"1":[0,0,1,52,0,0,2,2,9,2,1]}}
,"/home/travis/build/Hongarc/node-facebook/src/propApi/logout.ts": {"path":"/home/travis/build/Hongarc/node-facebook/src/propApi/logout.ts","statementMap":{"0":{"start":{"line":2,"column":0},"end":{"line":2,"column":47}},"1":{"start":{"line":5,"column":19},"end":{"line":7,"column":null}},"2":{"start":{"line":5,"column":8},"end":{"line":7,"column":null}},"3":{"start":{"line":8,"column":8},"end":{"line":8,"column":59}},"4":{"start":{"line":9,"column":8},"end":{"line":9,"column":70}},"5":{"start":{"line":11,"column":2},"end":{"line":11,"column":76}},"6":{"start":{"line":4,"column":0},"end":{"line":4,"column":null}}},"fnMap":{},"branchMap":{"0":{"loc":{"start":{"line":8,"column":17},"end":{"line":8,"column":30}},"type":"binary-expr","locations":[{"start":{"line":8,"column":17},"end":{"line":8,"column":30}},{"start":{"line":8,"column":34},"end":{"line":8,"column":58}}]}},"s":{"0":5,"1":1,"2":1,"3":1,"4":1,"5":1,"6":5},"f":{},"b":{"0":[1,1]}}
,"/home/travis/build/Hongarc/node-facebook/src/propApi/mark-as-read-all.ts": {"path":"/home/travis/build/Hongarc/node-facebook/src/propApi/mark-as-read-all.ts","statementMap":{"0":{"start":{"line":4,"column":2},"end":{"line":6,"column":5}},"1":{"start":{"line":3,"column":0},"end":{"line":3,"column":null}}},"fnMap":{"0":{"name":"default_1","decl":{"start":{"line":3,"column":0},"end":{"line":3,"column":null}},"loc":{"start":{"line":3,"column":0},"end":{"line":7,"column":1}}}},"branchMap":{},"s":{"0":0,"1":5},"f":{"0":0},"b":{}}
,"/home/travis/build/Hongarc/node-facebook/src/propApi/mark-as-read.ts": {"path":"/home/travis/build/Hongarc/node-facebook/src/propApi/mark-as-read.ts","statementMap":{"0":{"start":{"line":3,"column":36},"end":{"line":3,"column":51}},"1":{"start":{"line":4,"column":20},"end":{"line":4,"column":22}},"2":{"start":{"line":5,"column":2},"end":{"line":7,"column":5}},"3":{"start":{"line":6,"column":4},"end":{"line":6,"column":19}},"4":{"start":{"line":9,"column":2},"end":{"line":12,"column":5}},"5":{"start":{"line":3,"column":0},"end":{"line":3,"column":36}}},"fnMap":{"0":{"name":"default_1","decl":{"start":{"line":3,"column":0},"end":{"line":3,"column":36}},"loc":{"start":{"line":3,"column":0},"end":{"line":13,"column":1}}},"1":{"name":"(anonymous_1)","decl":{"start":{"line":5,"column":17},"end":{"line":5,"column":18}},"loc":{"start":{"line":5,"column":24},"end":{"line":7,"column":3}}}},"branchMap":{},"s":{"0":3,"1":1,"2":1,"3":1,"4":1,"5":5},"f":{"0":1,"1":1},"b":{}}
,"/home/travis/build/Hongarc/node-facebook/src/propApi/mark-read-noti.ts": {"path":"/home/travis/build/Hongarc/node-facebook/src/propApi/mark-read-noti.ts","statementMap":{"0":{"start":{"line":4,"column":2},"end":{"line":6,"column":5}},"1":{"start":{"line":3,"column":0},"end":{"line":3,"column":null}}},"fnMap":{"0":{"name":"default_1","decl":{"start":{"line":3,"column":0},"end":{"line":3,"column":null}},"loc":{"start":{"line":3,"column":0},"end":{"line":7,"column":1}}}},"branchMap":{},"s":{"0":0,"1":5},"f":{"0":0},"b":{}}
,"/home/travis/build/Hongarc/node-facebook/src/propApi/message-request.ts": {"path":"/home/travis/build/Hongarc/node-facebook/src/propApi/message-request.ts","statementMap":{"0":{"start":{"line":3,"column":55},"end":{"line":3,"column":73}},"1":{"start":{"line":4,"column":21},"end":{"line":4,"column":23}},"2":{"start":{"line":5,"column":14},"end":{"line":5,"column":42}},"3":{"start":{"line":6,"column":2},"end":{"line":6,"column":24}},"4":{"start":{"line":7,"column":2},"end":{"line":7,"column":82}},"5":{"start":{"line":3,"column":0},"end":{"line":3,"column":36}}},"fnMap":{"0":{"name":"default_1","decl":{"start":{"line":3,"column":0},"end":{"line":3,"column":36}},"loc":{"start":{"line":3,"column":53},"end":{"line":8,"column":1}}}},"branchMap":{"0":{"loc":{"start":{"line":5,"column":25},"end":{"line":5,"column":32}},"type":"cond-expr","locations":[{"start":{"line":5,"column":25},"end":{"line":5,"column":32}},{"start":{"line":5,"column":35},"end":{"line":5,"column":42}}]}},"s":{"0":0,"1":0,"2":0,"3":0,"4":0,"5":5},"f":{"0":0},"b":{"0":[0,0]}}
,"/home/travis/build/Hongarc/node-facebook/src/propApi/mute-thread.ts": {"path":"/home/travis/build/Hongarc/node-facebook/src/propApi/mute-thread.ts","statementMap":{"0":{"start":{"line":4,"column":2},"end":{"line":7,"column":5}},"1":{"start":{"line":3,"column":0},"end":{"line":3,"column":36}}},"fnMap":{"0":{"name":"default_1","decl":{"start":{"line":3,"column":0},"end":{"line":3,"column":36}},"loc":{"start":{"line":3,"column":64},"end":{"line":8,"column":1}}}},"branchMap":{},"s":{"0":0,"1":5},"f":{"0":0},"b":{}}
,"/home/travis/build/Hongarc/node-facebook/src/propApi/pull.ts": {"path":"/home/travis/build/Hongarc/node-facebook/src/propApi/pull.ts","statementMap":{"0":{"start":{"line":1,"column":0},"end":{"line":1,"column":35}},"1":{"start":{"line":3,"column":0},"end":{"line":3,"column":36}},"2":{"start":{"line":3,"column":36},"end":{"line":3,"column":null}},"3":{"start":{"line":4,"column":2},"end":{"line":45,"column":5}},"4":{"start":{"line":19,"column":4},"end":{"line":19,"column":40}},"5":{"start":{"line":23,"column":10},"end":{"line":23,"column":44}},"6":{"start":{"line":24,"column":10},"end":{"line":24,"column":48}},"7":{"start":{"line":26,"column":8},"end":{"line":26,"column":18}},"8":{"start":{"line":29,"column":8},"end":{"line":29,"column":18}},"9":{"start":{"line":31,"column":8},"end":{"line":31,"column":41}},"10":{"start":{"line":33,"column":8},"end":{"line":33,"column":18}},"11":{"start":{"line":35,"column":8},"end":{"line":35,"column":132}},"12":{"start":{"line":36,"column":8},"end":{"line":36,"column":18}},"13":{"start":{"line":40,"column":6},"end":{"line":40,"column":26}},"14":{"start":{"line":41,"column":6},"end":{"line":41,"column":29}},"15":{"start":{"line":43,"column":4},"end":{"line":43,"column":30}},"16":{"start":{"line":44,"column":4},"end":{"line":44,"column":14}}},"fnMap":{"0":{"name":"default_1","decl":{"start":{"line":3,"column":0},"end":{"line":3,"column":36}},"loc":{"start":{"line":3,"column":51},"end":{"line":46,"column":1}}},"1":{"name":"(anonymous_4)","decl":{"start":{"line":18,"column":10},"end":{"line":18,"column":11}},"loc":{"start":{"line":18,"column":25},"end":{"line":38,"column":3}}},"2":{"name":"(anonymous_5)","decl":{"start":{"line":38,"column":5},"end":{"line":38,"column":6}},"loc":{"start":{"line":38,"column":17},"end":{"line":45,"column":3}}}},"branchMap":{"0":{"loc":{"start":{"line":3,"column":36},"end":{"line":3,"column":null}},"type":"if","locations":[{"start":{"line":3,"column":36},"end":{"line":3,"column":null}},{"start":{"line":3,"column":36},"end":{"line":3,"column":null}}]},"1":{"loc":{"start":{"line":19,"column":15},"end":{"line":19,"column":27}},"type":"binary-expr","locations":[{"start":{"line":19,"column":15},"end":{"line":19,"column":27}},{"start":{"line":19,"column":31},"end":{"line":19,"column":39}}]},"2":{"loc":{"start":{"line":21,"column":6},"end":{"line":26,"column":18}},"type":"switch","locations":[{"start":{"line":21,"column":6},"end":{"line":26,"column":18}},{"start":{"line":27,"column":6},"end":{"line":29,"column":18}},{"start":{"line":30,"column":6},"end":{"line":31,"column":41}},{"start":{"line":32,"column":6},"end":{"line":33,"column":18}},{"start":{"line":34,"column":6},"end":{"line":36,"column":18}}]},"3":{"loc":{"start":{"line":39,"column":8},"end":{"line":39,"column":34}},"type":"binary-expr","locations":[{"start":{"line":39,"column":8},"end":{"line":39,"column":34}},{"start":{"line":39,"column":38},"end":{"line":39,"column":64}}]}},"s":{"0":5,"1":73,"2":135,"3":68,"4":65,"5":3,"6":3,"7":3,"8":2,"9":60,"10":0,"11":0,"12":0,"13":1,"14":1,"15":0,"16":0},"f":{"0":68,"1":65,"2":1},"b":{"0":[67,1],"1":[65,3],"2":[3,2,60,0,0],"3":[1,1]}}
,"/home/travis/build/Hongarc/node-facebook/src/propApi/react-message.ts": {"path":"/home/travis/build/Hongarc/node-facebook/src/propApi/react-message.ts","statementMap":{"0":{"start":{"line":3,"column":18},"end":{"line":11,"column":2}},"1":{"start":{"line":14,"column":51},"end":{"line":14,"column":null}},"2":{"start":{"line":16,"column":4},"end":{"line":16,"column":108}},"3":{"start":{"line":18,"column":2},"end":{"line":29,"column":5}},"4":{"start":{"line":14,"column":0},"end":{"line":14,"column":36}}},"fnMap":{"0":{"name":"default_1","decl":{"start":{"line":14,"column":0},"end":{"line":14,"column":36}},"loc":{"start":{"line":14,"column":72},"end":{"line":30,"column":1}}}},"branchMap":{"0":{"loc":{"start":{"line":14,"column":51},"end":{"line":14,"column":null}},"type":"if","locations":[{"start":{"line":14,"column":51},"end":{"line":14,"column":null}},{"start":{"line":14,"column":51},"end":{"line":14,"column":null}}]}},"s":{"0":5,"1":2,"2":1,"3":1,"4":5},"f":{"0":2},"b":{"0":[0,2]}}
,"/home/travis/build/Hongarc/node-facebook/src/propApi/remove-friend.ts": {"path":"/home/travis/build/Hongarc/node-facebook/src/propApi/remove-friend.ts","statementMap":{"0":{"start":{"line":4,"column":2},"end":{"line":9,"column":5}},"1":{"start":{"line":3,"column":0},"end":{"line":3,"column":36}}},"fnMap":{"0":{"name":"default_1","decl":{"start":{"line":3,"column":0},"end":{"line":3,"column":36}},"loc":{"start":{"line":3,"column":46},"end":{"line":10,"column":1}}}},"branchMap":{},"s":{"0":2,"1":5},"f":{"0":2},"b":{}}
,"/home/travis/build/Hongarc/node-facebook/src/propApi/remove-member.ts": {"path":"/home/travis/build/Hongarc/node-facebook/src/propApi/remove-member.ts","statementMap":{"0":{"start":{"line":11,"column":63},"end":{"line":11,"column":null}},"1":{"start":{"line":12,"column":30},"end":{"line":12,"column":32}},"2":{"start":{"line":13,"column":2},"end":{"line":15,"column":5}},"3":{"start":{"line":14,"column":4},"end":{"line":14,"column":50}},"4":{"start":{"line":16,"column":2},"end":{"line":23,"column":5}},"5":{"start":{"line":11,"column":0},"end":{"line":11,"column":36}}},"fnMap":{"0":{"name":"default_1","decl":{"start":{"line":11,"column":0},"end":{"line":11,"column":36}},"loc":{"start":{"line":11,"column":87},"end":{"line":24,"column":1}}},"1":{"name":"(anonymous_3)","decl":{"start":{"line":13,"column":20},"end":{"line":13,"column":21}},"loc":{"start":{"line":13,"column":34},"end":{"line":15,"column":3}}}},"branchMap":{"0":{"loc":{"start":{"line":11,"column":63},"end":{"line":11,"column":null}},"type":"if","locations":[{"start":{"line":11,"column":63},"end":{"line":11,"column":null}},{"start":{"line":11,"column":63},"end":{"line":11,"column":null}}]}},"s":{"0":0,"1":0,"2":0,"3":0,"4":0,"5":5},"f":{"0":0,"1":0},"b":{"0":[0,0]}}
,"/home/travis/build/Hongarc/node-facebook/src/propApi/remove-participant.ts": {"path":"/home/travis/build/Hongarc/node-facebook/src/propApi/remove-participant.ts","statementMap":{"0":{"start":{"line":4,"column":2},"end":{"line":7,"column":5}},"1":{"start":{"line":3,"column":0},"end":{"line":3,"column":36}}},"fnMap":{"0":{"name":"default_1","decl":{"start":{"line":3,"column":0},"end":{"line":3,"column":36}},"loc":{"start":{"line":3,"column":60},"end":{"line":8,"column":1}}}},"branchMap":{},"s":{"0":1,"1":5},"f":{"0":1},"b":{}}
,"/home/travis/build/Hongarc/node-facebook/src/propApi/send-message.ts": {"path":"/home/travis/build/Hongarc/node-facebook/src/propApi/send-message.ts","statementMap":{"0":{"start":{"line":3,"column":0},"end":{"line":3,"column":39}},"1":{"start":{"line":21,"column":8},"end":{"line":21,"column":27}},"2":{"start":{"line":22,"column":8},"end":{"line":30,"column":4}},"3":{"start":{"line":33,"column":4},"end":{"line":33,"column":38}},"4":{"start":{"line":37,"column":4},"end":{"line":40,"column":6}},"5":{"start":{"line":43,"column":6},"end":{"line":43,"column":13}},"6":{"start":{"line":44,"column":18},"end":{"line":44,"column":null}},"7":{"start":{"line":44,"column":68},"end":{"line":44,"column":90}},"8":{"start":{"line":44,"column":10},"end":{"line":44,"column":null}},"9":{"start":{"line":45,"column":4},"end":{"line":52,"column":7}},"10":{"start":{"line":46,"column":19},"end":{"line":46,"column":39}},"11":{"start":{"line":47,"column":23},"end":{"line":47,"column":30}},"12":{"start":{"line":49,"column":8},"end":{"line":49,"column":25}},"13":{"start":{"line":51,"column":7},"end":{"line":51,"column":45}},"14":{"start":{"line":55,"column":6},"end":{"line":55,"column":13}},"15":{"start":{"line":56,"column":4},"end":{"line":56,"column":9}},"16":{"start":{"line":56,"column":32},"end":{"line":56,"column":65}},"17":{"start":{"line":56,"column":4},"end":{"line":56,"column":65}},"18":{"start":{"line":60,"column":4},"end":{"line":60,"column":106}},"19":{"start":{"line":60,"column":67},"end":{"line":60,"column":105}},"20":{"start":{"line":63,"column":19},"end":{"line":63,"column":null}},"21":{"start":{"line":63,"column":8},"end":{"line":63,"column":null}},"22":{"start":{"line":65,"column":4},"end":{"line":65,"column":75}},"23":{"start":{"line":66,"column":4},"end":{"line":66,"column":36}},"24":{"start":{"line":68,"column":4},"end":{"line":68,"column":32}},"25":{"start":{"line":71,"column":2},"end":{"line":71,"column":25}},"26":{"start":{"line":20,"column":0},"end":{"line":20,"column":42}}},"fnMap":{"0":{"name":"(anonymous_16)","decl":{"start":{"line":44,"column":60},"end":{"line":44,"column":64}},"loc":{"start":{"line":44,"column":64},"end":{"line":44,"column":72}}},"1":{"name":"(anonymous_17)","decl":{"start":{"line":45,"column":18},"end":{"line":45,"column":19}},"loc":{"start":{"line":45,"column":29},"end":{"line":52,"column":5}}},"2":{"name":"(anonymous_18)","decl":{"start":{"line":60,"column":44},"end":{"line":60,"column":45}},"loc":{"start":{"line":60,"column":62},"end":{"line":60,"column":73}}}},"branchMap":{"0":{"loc":{"start":{"line":26,"column":25},"end":{"line":26,"column":48}},"type":"cond-expr","locations":[{"start":{"line":26,"column":25},"end":{"line":26,"column":48}},{"start":{"line":26,"column":51},"end":{"line":26,"column":53}}]},"1":{"loc":{"start":{"line":29,"column":28},"end":{"line":29,"column":47}},"type":"binary-expr","locations":[{"start":{"line":29,"column":28},"end":{"line":29,"column":47}},{"start":{"line":29,"column":51},"end":{"line":29,"column":62}},{"start":{"line":29,"column":66},"end":{"line":29,"column":81}}]}},"s":{"0":5,"1":11,"2":11,"3":1,"4":1,"5":10,"6":1,"7":1,"8":1,"9":1,"10":1,"11":1,"12":1,"13":1,"14":10,"15":1,"16":1,"17":1,"18":1,"19":2,"20":11,"21":11,"22":10,"23":10,"24":1,"25":11,"26":5},"f":{"0":1,"1":1,"2":2},"b":{"0":[10,1],"1":[11,10,9]}}
,"/home/travis/build/Hongarc/node-facebook/src/propApi/send-typing.ts": {"path":"/home/travis/build/Hongarc/node-facebook/src/propApi/send-typing.ts","statementMap":{"0":{"start":{"line":3,"column":48},"end":{"line":3,"column":null}},"1":{"start":{"line":4,"column":2},"end":{"line":9,"column":5}},"2":{"start":{"line":3,"column":0},"end":{"line":3,"column":36}}},"fnMap":{"0":{"name":"default_1","decl":{"start":{"line":3,"column":0},"end":{"line":3,"column":36}},"loc":{"start":{"line":3,"column":72},"end":{"line":10,"column":1}}}},"branchMap":{"0":{"loc":{"start":{"line":3,"column":48},"end":{"line":3,"column":null}},"type":"if","locations":[{"start":{"line":3,"column":48},"end":{"line":3,"column":null}},{"start":{"line":3,"column":48},"end":{"line":3,"column":null}}]},"1":{"loc":{"start":{"line":5,"column":30},"end":{"line":5,"column":31}},"type":"cond-expr","locations":[{"start":{"line":5,"column":30},"end":{"line":5,"column":31}},{"start":{"line":5,"column":34},"end":{"line":5,"column":35}}]}},"s":{"0":2,"1":1,"2":5},"f":{"0":1},"b":{"0":[1,0],"1":[0,1]}}
,"/home/travis/build/Hongarc/node-facebook/src/propApi/send.ts": {"path":"/home/travis/build/Hongarc/node-facebook/src/propApi/send.ts","statementMap":{"0":{"start":{"line":1,"column":0},"end":{"line":1,"column":35}},"1":{"start":{"line":4,"column":2},"end":{"line":5,"column":93}},"2":{"start":{"line":5,"column":30},"end":{"line":5,"column":92}},"3":{"start":{"line":3,"column":0},"end":{"line":3,"column":36}}},"fnMap":{"0":{"name":"default_1","decl":{"start":{"line":3,"column":0},"end":{"line":3,"column":36}},"loc":{"start":{"line":3,"column":46},"end":{"line":6,"column":1}}},"1":{"name":"(anonymous_2)","decl":{"start":{"line":5,"column":10},"end":{"line":5,"column":11}},"loc":{"start":{"line":5,"column":25},"end":{"line":5,"column":33}}}},"branchMap":{"0":{"loc":{"start":{"line":5,"column":43},"end":{"line":5,"column":59}},"type":"binary-expr","locations":[{"start":{"line":5,"column":43},"end":{"line":5,"column":59}},{"start":{"line":5,"column":63},"end":{"line":5,"column":90}}]}},"s":{"0":5,"1":12,"2":12,"3":5},"f":{"0":12,"1":12},"b":{"0":[12,12]}}
,"/home/travis/build/Hongarc/node-facebook/src/propApi/set-admin-thread.ts": {"path":"/home/travis/build/Hongarc/node-facebook/src/propApi/set-admin-thread.ts","statementMap":{"0":{"start":{"line":3,"column":66},"end":{"line":3,"column":83}},"1":{"start":{"line":4,"column":2},"end":{"line":8,"column":5}},"2":{"start":{"line":3,"column":0},"end":{"line":3,"column":36}}},"fnMap":{"0":{"name":"default_1","decl":{"start":{"line":3,"column":0},"end":{"line":3,"column":36}},"loc":{"start":{"line":3,"column":64},"end":{"line":9,"column":1}}}},"branchMap":{},"s":{"0":6,"1":2,"2":5},"f":{"0":2},"b":{}}
,"/home/travis/build/Hongarc/node-facebook/src/propApi/set-approval-mode.ts": {"path":"/home/travis/build/Hongarc/node-facebook/src/propApi/set-approval-mode.ts","statementMap":{"0":{"start":{"line":4,"column":2},"end":{"line":7,"column":5}},"1":{"start":{"line":3,"column":0},"end":{"line":3,"column":36}}},"fnMap":{"0":{"name":"default_1","decl":{"start":{"line":3,"column":0},"end":{"line":3,"column":36}},"loc":{"start":{"line":3,"column":65},"end":{"line":8,"column":1}}}},"branchMap":{},"s":{"0":2,"1":5},"f":{"0":2},"b":{}}
,"/home/travis/build/Hongarc/node-facebook/src/propApi/set-title.ts": {"path":"/home/travis/build/Hongarc/node-facebook/src/propApi/set-title.ts","statementMap":{"0":{"start":{"line":4,"column":2},"end":{"line":7,"column":5}},"1":{"start":{"line":3,"column":0},"end":{"line":3,"column":36}}},"fnMap":{"0":{"name":"default_1","decl":{"start":{"line":3,"column":0},"end":{"line":3,"column":36}},"loc":{"start":{"line":3,"column":63},"end":{"line":8,"column":1}}}},"branchMap":{},"s":{"0":0,"1":5},"f":{"0":0},"b":{}}
,"/home/travis/build/Hongarc/node-facebook/src/propApi/share-url.ts": {"path":"/home/travis/build/Hongarc/node-facebook/src/propApi/share-url.ts","statementMap":{"0":{"start":{"line":4,"column":2},"end":{"line":8,"column":85}},"1":{"start":{"line":8,"column":36},"end":{"line":8,"column":84}},"2":{"start":{"line":3,"column":0},"end":{"line":3,"column":36}}},"fnMap":{"0":{"name":"default_1","decl":{"start":{"line":3,"column":0},"end":{"line":3,"column":36}},"loc":{"start":{"line":3,"column":47},"end":{"line":9,"column":1}}},"1":{"name":"(anonymous_1)","decl":{"start":{"line":8,"column":10},"end":{"line":8,"column":11}},"loc":{"start":{"line":8,"column":25},"end":{"line":8,"column":44}}}},"branchMap":{"0":{"loc":{"start":{"line":8,"column":36},"end":{"line":8,"column":52}},"type":"binary-expr","locations":[{"start":{"line":8,"column":36},"end":{"line":8,"column":52}},{"start":{"line":8,"column":56},"end":{"line":8,"column":83}}]}},"s":{"0":1,"1":1,"2":5},"f":{"0":1,"1":1},"b":{"0":[1,1]}}
,"/home/travis/build/Hongarc/node-facebook/src/propApi/stop-listen.ts": {"path":"/home/travis/build/Hongarc/node-facebook/src/propApi/stop-listen.ts","statementMap":{"0":{"start":{"line":4,"column":2},"end":{"line":4,"column":28}},"1":{"start":{"line":3,"column":0},"end":{"line":3,"column":null}}},"fnMap":{"0":{"name":"default_1","decl":{"start":{"line":3,"column":0},"end":{"line":3,"column":null}},"loc":{"start":{"line":3,"column":0},"end":{"line":5,"column":1}}}},"branchMap":{},"s":{"0":2,"1":5},"f":{"0":2},"b":{}}
,"/home/travis/build/Hongarc/node-facebook/src/propApi/sub-follow.ts": {"path":"/home/travis/build/Hongarc/node-facebook/src/propApi/sub-follow.ts","statementMap":{"0":{"start":{"line":3,"column":48},"end":{"line":3,"column":null}},"1":{"start":{"line":4,"column":17},"end":{"line":4,"column":52}},"2":{"start":{"line":5,"column":2},"end":{"line":9,"column":5}},"3":{"start":{"line":3,"column":0},"end":{"line":3,"column":36}}},"fnMap":{"0":{"name":"default_1","decl":{"start":{"line":3,"column":0},"end":{"line":3,"column":36}},"loc":{"start":{"line":3,"column":74},"end":{"line":10,"column":1}}}},"branchMap":{"0":{"loc":{"start":{"line":3,"column":48},"end":{"line":3,"column":null}},"type":"if","locations":[{"start":{"line":3,"column":48},"end":{"line":3,"column":null}},{"start":{"line":3,"column":48},"end":{"line":3,"column":null}}]},"1":{"loc":{"start":{"line":4,"column":30},"end":{"line":4,"column":41}},"type":"cond-expr","locations":[{"start":{"line":4,"column":30},"end":{"line":4,"column":41}},{"start":{"line":4,"column":44},"end":{"line":4,"column":52}}]}},"s":{"0":0,"1":0,"2":0,"3":5},"f":{"0":0},"b":{"0":[0,0],"1":[0,0]}}
,"/home/travis/build/Hongarc/node-facebook/src/propApi/unblock-message.ts": {"path":"/home/travis/build/Hongarc/node-facebook/src/propApi/unblock-message.ts","statementMap":{"0":{"start":{"line":4,"column":16},"end":{"line":7,"column":4}},"1":{"start":{"line":8,"column":2},"end":{"line":8,"column":94}},"2":{"start":{"line":3,"column":0},"end":{"line":3,"column":36}}},"fnMap":{"0":{"name":"default_1","decl":{"start":{"line":3,"column":0},"end":{"line":3,"column":36}},"loc":{"start":{"line":3,"column":42},"end":{"line":9,"column":1}}}},"branchMap":{},"s":{"0":1,"1":1,"2":5},"f":{"0":1},"b":{}}
,"/home/travis/build/Hongarc/node-facebook/src/propApi/unblock-user.ts": {"path":"/home/travis/build/Hongarc/node-facebook/src/propApi/unblock-user.ts","statementMap":{"0":{"start":{"line":4,"column":2},"end":{"line":7,"column":5}},"1":{"start":{"line":3,"column":0},"end":{"line":3,"column":36}}},"fnMap":{"0":{"name":"default_1","decl":{"start":{"line":3,"column":0},"end":{"line":3,"column":36}},"loc":{"start":{"line":3,"column":46},"end":{"line":8,"column":1}}}},"branchMap":{},"s":{"0":2,"1":5},"f":{"0":2},"b":{}}
,"/home/travis/build/Hongarc/node-facebook/src/propApi/undo-activity-group.ts": {"path":"/home/travis/build/Hongarc/node-facebook/src/propApi/undo-activity-group.ts","statementMap":{"0":{"start":{"line":4,"column":2},"end":{"line":6,"column":5}},"1":{"start":{"line":3,"column":0},"end":{"line":3,"column":36}}},"fnMap":{"0":{"name":"default_1","decl":{"start":{"line":3,"column":0},"end":{"line":3,"column":36}},"loc":{"start":{"line":3,"column":63},"end":{"line":7,"column":1}}}},"branchMap":{},"s":{"0":0,"1":5},"f":{"0":0},"b":{}}
,"/home/travis/build/Hongarc/node-facebook/src/propApi/unfollow-group.ts": {"path":"/home/travis/build/Hongarc/node-facebook/src/propApi/unfollow-group.ts","statementMap":{"0":{"start":{"line":3,"column":49},"end":{"line":3,"column":null}},"1":{"start":{"line":4,"column":2},"end":{"line":7,"column":5}},"2":{"start":{"line":3,"column":0},"end":{"line":3,"column":36}}},"fnMap":{"0":{"name":"default_1","decl":{"start":{"line":3,"column":0},"end":{"line":3,"column":36}},"loc":{"start":{"line":3,"column":75},"end":{"line":8,"column":1}}}},"branchMap":{"0":{"loc":{"start":{"line":3,"column":49},"end":{"line":3,"column":null}},"type":"if","locations":[{"start":{"line":3,"column":49},"end":{"line":3,"column":null}},{"start":{"line":3,"column":49},"end":{"line":3,"column":null}}]}},"s":{"0":0,"1":0,"2":5},"f":{"0":0},"b":{"0":[0,0]}}
,"/home/travis/build/Hongarc/node-facebook/src/propApi/unsend-message.ts": {"path":"/home/travis/build/Hongarc/node-facebook/src/propApi/unsend-message.ts","statementMap":{"0":{"start":{"line":4,"column":2},"end":{"line":6,"column":5}},"1":{"start":{"line":3,"column":0},"end":{"line":3,"column":36}}},"fnMap":{"0":{"name":"default_1","decl":{"start":{"line":3,"column":0},"end":{"line":3,"column":36}},"loc":{"start":{"line":3,"column":51},"end":{"line":7,"column":1}}}},"branchMap":{},"s":{"0":1,"1":5},"f":{"0":1},"b":{}}
,"/home/travis/build/Hongarc/node-facebook/src/propApi/upload-file.ts": {"path":"/home/travis/build/Hongarc/node-facebook/src/propApi/upload-file.ts","statementMap":{"0":{"start":{"line":5,"column":2},"end":{"line":9,"column":23}},"1":{"start":{"line":8,"column":36},"end":{"line":8,"column":65}},"2":{"start":{"line":9,"column":17},"end":{"line":9,"column":22}},"3":{"start":{"line":4,"column":0},"end":{"line":4,"column":36}}},"fnMap":{"0":{"name":"default_1","decl":{"start":{"line":4,"column":0},"end":{"line":4,"column":36}},"loc":{"start":{"line":4,"column":58},"end":{"line":10,"column":1}}},"1":{"name":"(anonymous_1)","decl":{"start":{"line":8,"column":10},"end":{"line":8,"column":11}},"loc":{"start":{"line":8,"column":25},"end":{"line":8,"column":44}}},"2":{"name":"(anonymous_2)","decl":{"start":{"line":9,"column":11},"end":{"line":9,"column":17}},"loc":{"start":{"line":9,"column":11},"end":{"line":9,"column":18}}}},"branchMap":{},"s":{"0":1,"1":1,"2":0,"3":5},"f":{"0":1,"1":1,"2":0},"b":{}}
[...]
,"column":62}},"47":{"start":{"line":92,"column":4},"end":{"line":92,"column":33}},"48":{"start":{"line":95,"column":2},"end":{"line":110,"column":null}},"49":{"start":{"line":95,"column":2},"end":{"line":95,"column":9}},"50":{"start":{"line":97,"column":4},"end":{"line":109,"column":8}},"51":{"start":{"line":97,"column":54},"end":{"line":109,"column":7}},"52":{"start":{"line":99,"column":8},"end":{"line":99,"column":22}},"53":{"start":{"line":100,"column":8},"end":{"line":100,"column":15}},"54":{"start":{"line":102,"column":22},"end":{"line":102,"column":58}},"55":{"start":{"line":103,"column":6},"end":{"line":107,"column":9}},"56":{"start":{"line":105,"column":10},"end":{"line":105,"column":53}},"57":{"start":{"line":108,"column":6},"end":{"line":108,"column":24}},"58":{"start":{"line":112,"column":8},"end":{"line":118,"column":null}},"59":{"start":{"line":113,"column":21},"end":{"line":113,"column":null}},"60":{"start":{"line":113,"column":10},"end":{"line":113,"column":null}},"61":{"start":{"line":114,"column":4},"end":{"line":117,"column":6}},"62":{"start":{"line":120,"column":2},"end":{"line":126,"column":null}},"63":{"start":{"line":120,"column":26},"end":{"line":120,"column":null}},"64":{"start":{"line":121,"column":19},"end":{"line":121,"column":87}},"65":{"start":{"line":121,"column":71},"end":{"line":121,"column":87}},"66":{"start":{"line":123,"column":6},"end":{"line":123,"column":20}},"67":{"start":{"line":125,"column":4},"end":{"line":125,"column":58}},"68":{"start":{"line":128,"column":2},"end":{"line":130,"column":null}},"69":{"start":{"line":128,"column":11},"end":{"line":128,"column":null}},"70":{"start":{"line":129,"column":4},"end":{"line":129,"column":42}},"71":{"start":{"line":131,"column":0},"end":{"line":131,"column":null}}},"fnMap":{"0":{"name":"(anonymous_14)","decl":{"start":{"line":23,"column":19},"end":{"line":23,"column":20}},"loc":{"start":{"line":23,"column":31},"end":{"line":33,"column":1}}},"1":{"name":"(anonymous_15)","decl":{"start":{"line":35,"column":0},"end":{"line":35,"column":null}},"loc":{"start":{"line":35,"column":0},"end":{"line":131,"column":null}}},"2":{"name":"Browser","decl":{"start":{"line":37,"column":2},"end":{"line":37,"column":14}},"loc":{"start":{"line":37,"column":35},"end":{"line":42,"column":3}}},"3":{"name":"(anonymous_17)","decl":{"start":{"line":39,"column":19},"end":{"line":39,"column":20}},"loc":{"start":{"line":39,"column":33},"end":{"line":41,"column":5}}},"4":{"name":"(anonymous_18)","decl":{"start":{"line":44,"column":2},"end":{"line":44,"column":12}},"loc":{"start":{"line":44,"column":24},"end":{"line":52,"column":3}}},"5":{"name":"(anonymous_22)","decl":{"start":{"line":57,"column":25},"end":{"line":57,"column":26}},"loc":{"start":{"line":57,"column":40},"end":{"line":59,"column":5}}},"6":{"name":"(anonymous_23)","decl":{"start":{"line":70,"column":2},"end":{"line":70,"column":5}},"loc":{"start":{"line":70,"column":39},"end":{"line":75,"column":3}}},"7":{"name":"(anonymous_24)","decl":{"start":{"line":77,"column":2},"end":{"line":77,"column":6}},"loc":{"start":{"line":77,"column":30},"end":{"line":82,"column":3}}},"8":{"name":"(anonymous_25)","decl":{"start":{"line":84,"column":2},"end":{"line":84,"column":10}},"loc":{"start":{"line":84,"column":49},"end":{"line":93,"column":3}}},"9":{"name":"(anonymous_26)","decl":{"start":{"line":95,"column":2},"end":{"line":95,"column":9}},"loc":{"start":{"line":95,"column":33},"end":{"line":110,"column":3}}},"10":{"name":"(anonymous_27)","decl":{"start":{"line":97,"column":23},"end":{"line":97,"column":24}},"loc":{"start":{"line":97,"column":49},"end":{"line":97,"column":61}}},"11":{"name":"(anonymous_28)","decl":{"start":{"line":97,"column":71},"end":{"line":97,"column":72}},"loc":{"start":{"line":97,"column":102},"end":{"line":109,"column":5}}},"12":{"name":"(anonymous_29)","decl":{"start":{"line":103,"column":22},"end":{"line":103,"column":23}},"loc":{"start":{"line":103,"column":37},"end":{"line":107,"column":7}}},"13":{"name":"(anonymous_33)","decl":{"start":{"line":120,"column":2},"end":{"line":120,"column":11}},"loc":{"start":{"line":120,"column":48},"end":{"line":126,"column":3}}},"14":{"name":"(anonymous_34)","decl":{"start":{"line":121,"column":55},"end":{"line":121,"column":56}},"loc":{"start":{"line":121,"column":66},"end":{"line":121,"column":73}}},"15":{"name":"(anonymous_35)","decl":{"start":{"line":128,"column":2},"end":{"line":128,"column":10}},"loc":{"start":{"line":128,"column":33},"end":{"line":130,"column":3}}}},"branchMap":{"0":{"loc":{"start":{"line":37,"column":14},"end":{"line":37,"column":null}},"type":"if","locations":[{"start":{"line":37,"column":14},"end":{"line":37,"column":null}},{"start":{"line":37,"column":14},"end":{"line":37,"column":null}}]},"1":{"loc":{"start":{"line":70,"column":6},"end":{"line":70,"column":30}},"type":"if","locations":[{"start":{"line":70,"column":6},"end":{"line":70,"column":30}},{"start":{"line":70,"column":6},"end":{"line":70,"column":30}}]},"2":{"loc":{"start":{"line":84,"column":36},"end":{"line":84,"column":null}},"type":"if","locations":[{"start":{"line":84,"column":36},"end":{"line":84,"column":null}},{"start":{"line":84,"column":36},"end":{"line":84,"column":null}}]},"3":{"loc":{"start":{"line":102,"column":22},"end":{"line":102,"column":52}},"type":"binary-expr","locations":[{"start":{"line":102,"column":22},"end":{"line":102,"column":52}},{"start":{"line":102,"column":56},"end":{"line":102,"column":58}}]},"4":{"loc":{"start":{"line":120,"column":26},"end":{"line":120,"column":null}},"type":"if","locations":[{"start":{"line":120,"column":26},"end":{"line":120,"column":null}},{"start":{"line":120,"column":26},"end":{"line":120,"column":null}}]},"5":{"loc":{"start":{"line":128,"column":11},"end":{"line":128,"column":null}},"type":"if","locations":[{"start":{"line":128,"column":11},"end":{"line":128,"column":null}},{"start":{"line":128,"column":11},"end":{"line":128,"column":null}}]}},"s":{"0":5,"1":5,"2":5,"3":5,"4":5,"5":5,"6":5,"7":5,"8":170,"9":170,"10":5,"11":14,"12":17,"13":14,"14":14,"15":61,"16":5,"17":170,"18":5,"19":3,"20":3,"21":3,"22":3,"23":3,"24":3,"25":3,"26":3,"27":1,"28":1,"29":5,"30":95,"31":83,"32":83,"33":83,"34":83,"35":5,"36":86,"37":86,"38":86,"39":86,"40":5,"41":1,"42":1,"43":1,"44":1,"45":1,"46":1,"47":1,"48":5,"49":170,"50":170,"51":170,"52":1,"53":1,"54":167,"55":167,"56":22,"57":167,"58":5,"59":12,"60":12,"61":12,"62":5,"63":26,"64":13,"65":50,"66":11,"67":2,"68":5,"69":6,"70":3,"71":5},"f":{"0":170,"1":5,"2":14,"3":61,"4":170,"5":3,"6":83,"7":86,"8":1,"9":170,"10":170,"11":168,"12":22,"13":13,"14":50,"15":3},"b":{"0":[3,11],"1":[12,71],"2":[0,1],"3":[167,158],"4":[13,0],"5":[3,0]}}
,"/home/travis/build/Hongarc/node-facebook/src/utils/formatter.ts": {"path":"/home/travis/build/Hongarc/node-facebook/src/utils/formatter.ts","statementMap":{"0":{"start":{"line":1,"column":0},"end":{"line":1,"column":26}},"1":{"start":{"line":8,"column":14},"end":{"line":8,"column":53}},"2":{"start":{"line":8,"column":44},"end":{"line":8,"column":98}},"3":{"start":{"line":9,"column":13},"end":{"line":13,"column":3}},"4":{"start":{"line":9,"column":67},"end":{"line":13,"column":3}},"5":{"start":{"line":15,"column":13},"end":{"line":19,"column":3}},"6":{"start":{"line":15,"column":64},"end":{"line":19,"column":3}},"7":{"start":{"line":21,"column":13},"end":{"line":26,"column":3}},"8":{"start":{"line":21,"column":48},"end":{"line":26,"column":3}},"9":{"start":{"line":28,"column":13},"end":{"line":70,"column":2}},"10":{"start":{"line":30,"column":4},"end":{"line":30,"column":14}},"11":{"start":{"line":32,"column":2},"end":{"line":69,"column":5}},"12":{"start":{"line":33,"column":12},"end":{"line":33,"column":19}},"13":{"start":{"line":35,"column":6},"end":{"line":35,"column":24}},"14":{"start":{"line":38,"column":6},"end":{"line":38,"column":49}},"15":{"start":{"line":39,"column":6},"end":{"line":39,"column":73}},"16":{"start":{"line":40,"column":6},"end":{"line":40,"column":39}},"17":{"start":{"line":43,"column":6},"end":{"line":43,"column":43}},"18":{"start":{"line":44,"column":6},"end":{"line":44,"column":60}},"19":{"start":{"line":45,"column":6},"end":{"line":45,"column":36}},"20":{"start":{"line":48,"column":20},"end":{"line":48,"column":64}},"21":{"start":{"line":56,"column":10},"end":{"line":56,"column":30}},"22":{"start":{"line":57,"column":10},"end":{"line":57,"column":64}},"23":{"start":{"line":58,"column":10},"end":{"line":58,"column":16}},"24":{"start":{"line":60,"column":10},"end":{"line":60,"column":31}},"25":{"start":{"line":61,"column":10},"end":{"line":61,"column":47}},"26":{"start":{"line":62,"column":10},"end":{"line":62,"column":16}},"27":{"start":{"line":64,"column":10},"end":{"line":64,"column":33}},"28":{"start":{"line":66,"column":6},"end":{"line":66,"column":20}},"29":{"start":{"line":68,"column":4},"end":{"line":68,"column":22}},"30":{"start":{"line":72,"column":13},"end":{"line":97,"column":2}},"31":{"start":{"line":73,"column":15},"end":{"line":73,"column":36}},"32":{"start":{"line":74,"column":25},"end":{"line":74,"column":27}},"33":{"start":{"line":77,"column":4},"end":{"line":77,"column":43}},"34":{"start":{"line":79,"column":4},"end":{"line":79,"column":18}},"35":{"start":{"line":81,"column":2},"end":{"line":86,"column":5}},"36":{"start":{"line":82,"column":4},"end":{"line":85,"column":6}},"37":{"start":{"line":87,"column":2},"end":{"line":96,"column":4}},"38":{"start":{"line":99,"column":13},"end":{"line":105,"column":3}},"39":{"start":{"line":99,"column":46},"end":{"line":105,"column":3}},"40":{"start":{"line":107,"column":13},"end":{"line":111,"column":3}},"41":{"start":{"line":107,"column":47},"end":{"line":111,"column":3}},"42":{"start":{"line":113,"column":13},"end":{"line":127,"column":2}},"43":{"start":{"line":114,"column":15},"end":{"line":114,"column":36}},"44":{"start":{"line":115,"column":2},"end":{"line":126,"column":4}},"45":{"start":{"line":129,"column":13},"end":{"line":132,"column":3}},"46":{"start":{"line":129,"column":48},"end":{"line":132,"column":3}},"47":{"start":{"line":134,"column":13},"end":{"line":137,"column":3}},"48":{"start":{"line":134,"column":50},"end":{"line":137,"column":3}},"49":{"start":{"line":139,"column":13},"end":{"line":154,"column":2}},"50":{"start":{"line":141,"column":4},"end":{"line":141,"column":13}},"51":{"start":{"line":142,"column":4},"end":{"line":142,"column":14}},"52":{"start":{"line":143,"column":4},"end":{"line":143,"column":19}},"53":{"start":{"line":144,"column":4},"end":{"line":144,"column":15}},"54":{"start":{"line":145,"column":4},"end":{"line":145,"column":14}},"55":{"start":{"line":148,"column":2},"end":{"line":148,"column":67}},"56":{"start":{"line":149,"column":2},"end":{"line":149,"column":43}},"57":{"start":{"line":150,"column":2},"end":{"line":150,"column":96}},"58":{"start":{"line":150,"column":70},"end":{"line":150,"column":95}},"59":{"start":{"line":151,"column":3},"end":{"line":151,"column":38}},"60":{"start":{"line":153,"column":2},"end":{"line":153,"column":17}},"61":{"start":{"line":157,"column":13},"end":{"line":166,"column":2}},"62":{"start":{"line":159,"column":4},"end":{"line":159,"column":11}},"63":{"start":{"line":160,"column":4},"end":{"line":160,"column":15}},"64":{"start":{"line":163,"column":2},"end":{"line":163,"column":45}},"65":{"start":{"line":165,"column":2},"end":{"line":165,"column":18}}},"fnMap":{"0":{"name":"(anonymous_1)","decl":{"start":{"line":8,"column":14},"end":{"line":8,"column":15}},"loc":{"start":{"line":8,"column":35},"end":{"line":8,"column":53}}},"1":{"name":"(anonymous_2)","decl":{"start":{"line":9,"column":25},"end":{"line":9,"column":26}},"loc":{"start":{"line":9,"column":56},"end":{"line":9,"column":68}}},"2":{"name":"(anonymous_3)","decl":{"start":{"line":15,"column":22},"end":{"line":15,"column":23}},"loc":{"start":{"line":15,"column":53},"end":{"line":15,"column":65}}},"3":{"name":"(anonymous_4)","decl":{"start":{"line":21,"column":23},"end":{"line":21,"column":24}},"loc":{"start":{"line":21,"column":37},"end":{"line":21,"column":49}}},"4":{"name":"(anonymous_5)","decl":{"start":{"line":28,"column":28},"end":{"line":28,"column":29}},"loc":{"start":{"line":28,"column":48},"end":{"line":70,"column":1}}},"5":{"name":"(anonymous_6)","decl":{"start":{"line":32,"column":25},"end":{"line":32,"column":26}},"loc":{"start":{"line":32,"column":36},"end":{"line":69,"column":3}}},"6":{"name":"(anonymous_7)","decl":{"start":{"line":72,"column":27},"end":{"line":72,"column":28}},"loc":{"start":{"line":72,"column":39},"end":{"line":97,"column":1}}},"7":{"name":"(anonymous_8)","decl":{"start":{"line":81,"column":19},"end":{"line":81,"column":20}},"loc":{"start":{"line":81,"column":30},"end":{"line":86,"column":3}}},"8":{"name":"(anonymous_9)","decl":{"start":{"line":99,"column":24},"end":{"line":99,"column":25}},"loc":{"start":{"line":99,"column":35},"end":{"line":99,"column":47}}},"9":{"name":"(anonymous_10)","decl":{"start":{"line":107,"column":24},"end":{"line":107,"column":25}},"loc":{"start":{"line":107,"column":36},"end":{"line":107,"column":48}}},"10":{"name":"(anonymous_11)","decl":{"start":{"line":113,"column":20},"end":{"line":113,"column":21}},"loc":{"start":{"line":113,"column":32},"end":{"line":127,"column":1}}},"11":{"name":"(anonymous_12)","decl":{"start":{"line":129,"column":25},"end":{"line":129,"column":26}},"loc":{"start":{"line":129,"column":37},"end":{"line":129,"column":49}}},"12":{"name":"(anonymous_13)","decl":{"start":{"line":134,"column":27},"end":{"line":134,"column":28}},"loc":{"start":{"line":134,"column":39},"end":{"line":134,"column":51}}},"13":{"name":"(anonymous_14)","decl":{"start":{"line":139,"column":23},"end":{"line":139,"column":24}},"loc":{"start":{"line":139,"column":36},"end":{"line":154,"column":1}}},"14":{"name":"(anonymous_15)","decl":{"start":{"line":150,"column":54},"end":{"line":150,"column":55}},"loc":{"start":{"line":150,"column":65},"end":{"line":150,"column":74}}},"15":{"name":"(anonymous_16)","decl":{"start":{"line":157,"column":24},"end":{"line":157,"column":25}},"loc":{"start":{"line":157,"column":39},"end":{"line":166,"column":1}}}},"branchMap":{"0":{"loc":{"start":{"line":8,"column":44},"end":{"line":8,"column":67}},"type":"binary-expr","locations":[{"start":{"line":8,"column":44},"end":{"line":8,"column":67}},{"start":{"line":8,"column":71},"end":{"line":8,"column":91}},{"start":{"line":8,"column":95},"end":{"line":8,"column":97}}]},"1":{"loc":{"start":{"line":25,"column":12},"end":{"line":25,"column":22}},"type":"binary-expr","locations":[{"start":{"line":25,"column":12},"end":{"line":25,"column":22}},{"start":{"line":25,"column":26},"end":{"line":25,"column":44}},{"start":{"line":25,"column":48},"end":{"line":25,"column":60}}]},"2":{"loc":{"start":{"line":55,"column":8},"end":{"line":58,"column":16}},"type":"switch","locations":[{"start":{"line":55,"column":8},"end":{"line":58,"column":16}},{"start":{"line":59,"column":8},"end":{"line":62,"column":16}},{"start":{"line":63,"column":8},"end":{"line":64,"column":33}}]},"3":{"loc":{"start":{"line":89,"column":10},"end":{"line":89,"column":20}},"type":"binary-expr","locations":[{"start":{"line":89,"column":10},"end":{"line":89,"column":20}},{"start":{"line":89,"column":24},"end":{"line":89,"column":26}}]},"4":{"loc":{"start":{"line":109,"column":13},"end":{"line":109,"column":36}},"type":"binary-expr","locations":[{"start":{"line":109,"column":13},"end":{"line":109,"column":36}},{"start":{"line":109,"column":40},"end":{"line":109,"column":75}}]},"5":{"loc":{"start":{"line":122,"column":10},"end":{"line":122,"column":20}},"type":"binary-expr","locations":[{"start":{"line":122,"column":10},"end":{"line":122,"column":20}},{"start":{"line":122,"column":24},"end":{"line":122,"column":35}}]},"6":{"loc":{"start":{"line":148,"column":21},"end":{"line":148,"column":41}},"type":"binary-expr","locations":[{"start":{"line":148,"column":21},"end":{"line":148,"column":41}},{"start":{"line":148,"column":45},"end":{"line":148,"column":66}}]},"7":{"loc":{"start":{"line":163,"column":21},"end":{"line":163,"column":28}},"type":"binary-expr","locations":[{"start":{"line":163,"column":21},"end":{"line":163,"column":28}},{"start":{"line":163,"column":32},"end":{"line":163,"column":44}}]}},"s":{"0":5,"1":5,"2":35,"3":5,"4":0,"5":5,"6":0,"7":5,"8":0,"9":5,"10":0,"11":11,"12":4,"13":0,"14":1,"15":1,"16":1,"17":1,"18":1,"19":1,"20":2,"21":1,"22":1,"23":1,"24":1,"25":1,"26":1,"27":0,"28":2,"29":0,"30":5,"31":11,"32":11,"33":11,"34":10,"35":11,"36":2,"37":11,"38":5,"39":1,"40":5,"41":4,"42":5,"43":9,"44":9,"45":5,"46":0,"47":5,"48":10,"49":5,"50":3,"51":3,"52":3,"53":3,"54":3,"55":3,"56":3,"57":3,"58":6,"59":3,"60":3,"61":5,"62":12,"63":12,"64":12,"65":12},"f":{"0":35,"1":0,"2":0,"3":0,"4":11,"5":4,"6":11,"7":2,"8":1,"9":4,"10":9,"11":0,"12":10,"13":3,"14":6,"15":12},"b":{"0":[35,8,0],"1":[0,0,0],"2":[1,1,0],"3":[11,1],"4":[4,3],"5":[9,2],"6":[3,0],"7":[12,4]}}
,"/home/travis/build/Hongarc/node-facebook/src/utils/parse-form.ts": {"path":"/home/travis/build/Hongarc/node-facebook/src/utils/parse-form.ts","statementMap":{"0":{"start":{"line":1,"column":0},"end":{"line":1,"column":54}},"1":{"start":{"line":5,"column":17},"end":{"line":5,"column":36}},"2":{"start":{"line":8,"column":13},"end":{"line":14,"column":2}},"3":{"start":{"line":9,"column":18},"end":{"line":9,"column":62}},"4":{"start":{"line":11,"column":4},"end":{"line":11,"column":22}},"5":{"start":{"line":13,"column":2},"end":{"line":13,"column":66}},"6":{"start":{"line":16,"column":21},"end":{"line":16,"column":66}},"7":{"start":{"line":16,"column":63},"end":{"line":16,"column":122}},"8":{"start":{"line":18,"column":0},"end":{"line":48,"column":2}},"9":{"start":{"line":19,"column":15},"end":{"line":19,"column":41}},"10":{"start":{"line":21,"column":19},"end":{"line":21,"column":21}},"11":{"start":{"line":23,"column":2},"end":{"line":28,"column":5}},"12":{"start":{"line":24,"column":10},"end":{"line":24,"column":12}},"13":{"start":{"line":24,"column":12},"end":{"line":24,"column":16}},"14":{"start":{"line":24,"column":18},"end":{"line":24,"column":46}},"15":{"start":{"line":26,"column":6},"end":{"line":26,"column":27}},"16":{"start":{"line":29,"column":24},"end":{"line":29,"column":43}},"17":{"start":{"line":30,"column":2},"end":{"line":30,"column":24}},"18":{"start":{"line":31,"column":18},"end":{"line":34,"column":4}},"19":{"start":{"line":32,"column":23},"end":{"line":32,"column":67}},"20":{"start":{"line":33,"column":4},"end":{"line":33,"column":53}},"21":{"start":{"line":36,"column":2},"end":{"line":43,"column":5}},"22":{"start":{"line":44,"column":2},"end":{"line":47,"column":4}}},"fnMap":{"0":{"name":"(anonymous_0)","decl":{"start":{"line":8,"column":24},"end":{"line":8,"column":25}},"loc":{"start":{"line":8,"column":65},"end":{"line":14,"column":1}}},"1":{"name":"(anonymous_1)","decl":{"start":{"line":16,"column":21},"end":{"line":16,"column":22}},"loc":{"start":{"line":16,"column":50},"end":{"line":16,"column":66}}},"2":{"name":"(anonymous_2)","decl":{"start":{"line":18,"column":15},"end":{"line":18,"column":16}},"loc":{"start":{"line":18,"column":40},"end":{"line":48,"column":1}}},"3":{"name":"(anonymous_3)","decl":{"start":{"line":23,"column":42},"end":{"line":23,"column":43}},"loc":{"start":{"line":23,"column":50},"end":{"line":28,"column":3}}},"4":{"name":"(anonymous_4)","decl":{"start":{"line":31,"column":36},"end":{"line":31,"column":37}},"loc":{"start":{"line":31,"column":42},"end":{"line":34,"column":3}}}},"branchMap":{"0":{"loc":{"start":{"line":25,"column":8},"end":{"line":25,"column":12}},"type":"binary-expr","locations":[{"start":{"line":25,"column":8},"end":{"line":25,"column":12}},{"start":{"line":25,"column":16},"end":{"line":25,"column":21}}]}},"s":{"0":5,"1":5,"2":5,"3":28,"4":28,"5":0,"6":5,"7":3,"8":5,"9":3,"10":3,"11":3,"12":48,"13":48,"14":48,"15":21,"16":3,"17":3,"18":3,"19":3,"20":3,"21":3,"22":3},"f":{"0":28,"1":3,"2":3,"3":48,"4":3},"b":{"0":[48,45]}}
}
