TN:
SF:/home/travis/build/Hongarc/node-facebook/src/api.ts
FN:69,(anonymous_19)
FN:150,Api
FN:159,(anonymous_22)
FN:164,(anonymous_23)
FN:170,(anonymous_24)
FN:171,(anonymous_25)
FN:188,(anonymous_26)
FN:196,(anonymous_27)
FN:197,(anonymous_28)
FN:204,(anonymous_29)
FN:233,(anonymous_39)
FNF:11
FNH:11
FNDA:122,(anonymous_19)
FNDA:12,Api
FNDA:39,(anonymous_22)
FNDA:1,(anonymous_23)
FNDA:117,(anonymous_24)
FNDA:119,(anonymous_25)
FNDA:5736,(anonymous_26)
FNDA:5655,(anonymous_27)
FNDA:1222,(anonymous_28)
FNDA:122,(anonymous_29)
FNDA:12,(anonymous_39)
DA:1,5
DA:4,5
DA:5,5
DA:6,5
DA:7,5
DA:8,5
DA:9,5
DA:10,5
DA:11,5
DA:12,5
DA:13,5
DA:14,5
DA:15,5
DA:16,5
DA:17,5
DA:18,5
DA:19,5
DA:20,5
DA:21,5
DA:22,5
DA:23,5
DA:24,5
DA:25,5
DA:26,5
DA:27,5
DA:28,5
DA:29,5
DA:30,5
DA:31,5
DA:32,5
DA:33,5
DA:34,5
DA:35,5
DA:36,5
DA:37,5
DA:38,5
DA:39,5
DA:40,5
DA:41,5
DA:42,5
DA:43,5
DA:44,5
DA:45,5
DA:46,5
DA:47,5
DA:48,5
DA:49,5
DA:50,5
DA:51,5
DA:52,5
DA:53,5
DA:54,5
DA:55,5
DA:56,5
DA:57,5
DA:58,5
DA:59,5
DA:69,5
DA:70,122
DA:71,122
DA:72,3050
DA:74,122
DA:77,5
DA:78,5
DA:79,12
DA:80,12
DA:81,12
DA:82,12
DA:83,12
DA:84,12
DA:85,12
DA:86,12
DA:87,12
DA:88,12
DA:89,12
DA:90,12
DA:91,12
DA:92,12
DA:93,12
DA:94,12
DA:95,12
DA:96,12
DA:97,12
DA:98,12
DA:99,12
DA:100,12
DA:101,12
DA:102,12
DA:103,12
DA:104,12
DA:105,12
DA:106,12
DA:107,12
DA:108,12
DA:109,12
DA:110,12
DA:111,12
DA:112,12
DA:113,12
DA:114,12
DA:115,12
DA:116,12
DA:117,12
DA:118,12
DA:119,12
DA:120,12
DA:121,12
DA:122,12
DA:123,12
DA:124,12
DA:125,12
DA:126,12
DA:127,12
DA:128,12
DA:129,12
DA:130,12
DA:131,12
DA:132,12
DA:133,12
DA:134,12
DA:137,12
DA:141,12
DA:142,12
DA:143,12
DA:148,12
DA:151,12
DA:152,12
DA:153,12
DA:154,11
DA:155,11
DA:159,117
DA:160,39
DA:161,39
DA:164,5
DA:165,1
DA:166,1
DA:167,1
DA:170,5
DA:171,119
DA:173,2
DA:177,117
DA:179,0
DA:183,8
DA:185,109
DA:188,5799
DA:190,5009
DA:192,727
DA:194,16
DA:196,711
DA:197,5655
DA:198,5655
DA:199,5655
DA:201,711
DA:204,5
DA:205,122
DA:215,47
DA:216,47
DA:217,44
DA:220,74
DA:221,73
DA:223,1
DA:225,72
DA:228,5
DA:229,1
DA:230,1
DA:233,5
DA:234,12
DA:236,5
LF:168
LH:167
BRDA:151,0,0,12
BRDA:151,0,1,12
BRDA:188,1,0,63
BRDA:188,1,1,5673
BRDA:189,2,0,5736
BRDA:189,2,1,5254
BRDA:189,3,0,5254
BRDA:189,3,1,4785
BRDA:192,4,0,258
BRDA:192,4,1,469
BRDA:197,5,0,1222
BRDA:197,5,1,0
BRDA:215,6,0,0
BRDA:215,6,1,47
BRDA:220,7,0,1
BRDA:220,7,1,72
BRDA:228,8,0,0
BRDA:228,8,1,1
BRDA:228,9,0,1
BRDA:228,9,1,0
BRF:20
BRH:16
end_of_record
TN:
SF:/home/travis/build/Hongarc/node-facebook/src/facebook.ts
FN:17,(anonymous_13)
FN:24,(anonymous_14)
FN:25,(anonymous_15)
FN:27,(anonymous_16)
FN:31,Facebook
FN:41,(anonymous_21)
FNF:6
FNH:6
FNDA:21,(anonymous_13)
FNDA:29,(anonymous_14)
FNDA:18,(anonymous_15)
FNDA:5,(anonymous_16)
FNDA:18,Facebook
FNDA:2,(anonymous_21)
DA:5,5
DA:6,5
DA:17,5
DA:19,21
DA:21,14
DA:24,29
DA:25,18
DA:27,5
DA:33,4
DA:35,14
DA:36,14
DA:39,5
DA:40,11
DA:41,6
DA:42,2
DA:45,12
DA:46,12
DA:48,11
DA:50,5
LF:19
LH:19
BRDA:19,0,0,21
BRDA:19,0,1,7
BRDA:25,1,0,18
BRDA:25,1,1,15
BRDA:40,2,0,14
BRDA:40,2,1,3
BRF:6
BRH:6
end_of_record
TN:
SF:/home/travis/build/Hongarc/node-facebook/src/index.ts
FNF:0
FNH:0
DA:1,0
DA:3,0
LF:2
LH:0
BRF:0
BRH:0
end_of_record
TN:
SF:/home/travis/build/Hongarc/node-facebook/src/propApi/accept-friend.ts
FN:3,default_1
FNF:1
FNH:1
FNDA:3,default_1
DA:3,5
DA:4,3
LF:2
LH:2
BRF:0
BRH:0
end_of_record
TN:
SF:/home/travis/build/Hongarc/node-facebook/src/propApi/add-friend.ts
FN:3,default_1
FNF:1
FNH:1
FNDA:4,default_1
DA:3,5
DA:4,4
LF:2
LH:2
BRF:0
BRH:0
end_of_record
TN:
SF:/home/travis/build/Hongarc/node-facebook/src/propApi/add-user-to-thread.ts
FN:3,default_1
FN:4,(anonymous_2)
FNF:2
FNH:2
FNDA:1,default_1
FNDA:1,(anonymous_2)
DA:1,5
DA:3,5
DA:4,1
DA:5,1
DA:6,1
LF:5
LH:5
BRF:0
BRH:0
end_of_record
TN:
SF:/home/travis/build/Hongarc/node-facebook/src/propApi/archived.ts
FN:3,default_1
FN:5,(anonymous_1)
FNF:2
FNH:0
FNDA:0,default_1
FNDA:0,(anonymous_1)
DA:3,5
DA:4,0
DA:5,0
DA:6,0
DA:8,0
LF:5
LH:1
BRF:0
BRH:0
end_of_record
TN:
SF:/home/travis/build/Hongarc/node-facebook/src/propApi/block-message.ts
FN:3,default_1
FNF:1
FNH:1
FNDA:1,default_1
DA:3,5
DA:4,1
LF:2
LH:2
BRF:0
BRH:0
end_of_record
TN:
SF:/home/travis/build/Hongarc/node-facebook/src/propApi/block-page.ts
FN:3,default_1
FNF:1
FNH:0
FNDA:0,default_1
DA:3,5
DA:4,0
LF:2
LH:1
BRDA:3,0,0,0
BRDA:3,0,1,0
BRF:2
BRH:0
end_of_record
TN:
SF:/home/travis/build/Hongarc/node-facebook/src/propApi/block-user.ts
FN:3,default_1
FNF:1
FNH:1
FNDA:1,default_1
DA:3,5
DA:4,1
LF:2
LH:2
BRF:0
BRH:0
end_of_record
TN:
SF:/home/travis/build/Hongarc/node-facebook/src/propApi/bookmark.ts
FN:5,default_1
FNF:1
FNH:0
FNDA:0,default_1
DA:3,5
DA:5,5
DA:6,0
DA:7,0
LF:4
LH:2
BRDA:5,0,0,0
BRDA:5,0,1,0
BRDA:6,1,0,0
BRDA:6,1,1,0
BRF:4
BRH:0
end_of_record
TN:
SF:/home/travis/build/Hongarc/node-facebook/src/propApi/cancel-friend.ts
FN:3,default_1
FNF:1
FNH:1
FNDA:3,default_1
DA:3,5
DA:4,3
LF:2
LH:2
BRF:0
BRH:0
end_of_record
TN:
SF:/home/travis/build/Hongarc/node-facebook/src/propApi/cancel-join-group.ts
FN:3,default_1
FNF:1
FNH:0
FNDA:0,default_1
DA:3,5
DA:4,0
LF:2
LH:1
BRF:0
BRH:0
end_of_record
TN:
SF:/home/travis/build/Hongarc/node-facebook/src/propApi/change-bio.ts
FN:3,default_1
FNF:1
FNH:1
FNDA:1,default_1
DA:3,5
DA:4,1
LF:2
LH:2
BRDA:3,0,0,0
BRDA:3,0,1,1
BRF:2
BRH:1
end_of_record
TN:
SF:/home/travis/build/Hongarc/node-facebook/src/propApi/change-emoji.ts
FN:3,default_1
FNF:1
FNH:1
FNDA:3,default_1
DA:3,5
DA:4,3
LF:2
LH:2
BRF:0
BRH:0
end_of_record
TN:
SF:/home/travis/build/Hongarc/node-facebook/src/propApi/change-nickname.ts
FN:3,default_1
FNF:1
FNH:1
FNDA:1,default_1
DA:3,5
DA:4,1
LF:2
LH:2
BRDA:7,0,0,1
BRDA:7,0,1,1
BRF:2
BRH:2
end_of_record
TN:
SF:/home/travis/build/Hongarc/node-facebook/src/propApi/create-msg-group.ts
FN:8,default_1
FN:17,(anonymous_1)
FN:26,(anonymous_2)
FNF:3
FNH:3
FNDA:1,default_1
FNDA:2,(anonymous_1)
FNDA:1,(anonymous_2)
DA:8,5
DA:9,1
DA:17,2
DA:27,1
DA:28,1
LF:5
LH:5
BRF:0
BRH:0
end_of_record
TN:
SF:/home/travis/build/Hongarc/node-facebook/src/propApi/create-poll.ts
FN:3,default_1
FN:8,(anonymous_1)
FNF:2
FNH:0
FNDA:0,default_1
FNDA:0,(anonymous_1)
DA:3,5
DA:4,0
DA:8,0
LF:3
LH:1
BRF:0
BRH:0
end_of_record
TN:
SF:/home/travis/build/Hongarc/node-facebook/src/propApi/delete-message.ts
FN:3,default_1
FNF:1
FNH:1
FNDA:15,default_1
DA:3,45
DA:4,15
LF:2
LH:2
BRF:0
BRH:0
end_of_record
TN:
SF:/home/travis/build/Hongarc/node-facebook/src/propApi/delete-thread.ts
FN:3,default_1
FNF:1
FNH:1
FNDA:2,default_1
DA:3,6
DA:4,2
LF:2
LH:2
BRF:0
BRH:0
end_of_record
TN:
SF:/home/travis/build/Hongarc/node-facebook/src/propApi/follow-profile.ts
FN:3,default_1
FNF:1
FNH:0
FNDA:0,default_1
DA:3,5
DA:4,0
DA:5,0
LF:3
LH:1
BRDA:3,0,0,0
BRDA:3,0,1,0
BRDA:4,1,0,0
BRDA:4,1,1,0
BRF:4
BRH:0
end_of_record
TN:
SF:/home/travis/build/Hongarc/node-facebook/src/propApi/forward-attachment.ts
FN:3,default_1
FN:5,(anonymous_2)
FNF:2
FNH:0
FNDA:0,default_1
FNDA:0,(anonymous_2)
DA:1,5
DA:3,5
DA:4,0
DA:5,0
DA:6,0
DA:8,0
LF:6
LH:2
BRF:0
BRH:0
end_of_record
TN:
SF:/home/travis/build/Hongarc/node-facebook/src/propApi/get-my-id.ts
FN:3,default_1
FNF:1
FNH:1
FNDA:11,default_1
DA:3,5
DA:4,11
LF:2
LH:2
BRF:0
BRH:0
end_of_record
TN:
SF:/home/travis/build/Hongarc/node-facebook/src/propApi/get-photo-url.ts
FN:3,default_1
FN:6,(anonymous_1)
FN:7,(anonymous_2)
FNF:3
FNH:0
FNDA:0,default_1
FNDA:0,(anonymous_1)
FNDA:0,(anonymous_2)
DA:3,5
DA:4,0
DA:6,0
DA:7,0
LF:4
LH:1
BRF:0
BRH:0
end_of_record
TN:
SF:/home/travis/build/Hongarc/node-facebook/src/propApi/get-state.ts
FN:4,default_1
FNF:1
FNH:1
FNDA:3,default_1
DA:4,5
DA:5,3
LF:2
LH:2
BRF:0
BRH:0
end_of_record
TN:
SF:/home/travis/build/Hongarc/node-facebook/src/propApi/get-thread-list.ts
FN:6,default_1
FN:17,(anonymous_1)
FNF:2
FNH:2
FNDA:1,default_1
FNDA:1,(anonymous_1)
DA:2,5
DA:6,5
DA:7,1
DA:17,1
LF:4
LH:4
BRDA:6,0,0,1
BRDA:6,0,1,0
BRF:2
BRH:1
end_of_record
TN:
SF:/home/travis/build/Hongarc/node-facebook/src/propApi/get-thread-messages.ts
FN:6,default_1
FN:18,(anonymous_1)
FNF:2
FNH:2
FNDA:1,default_1
FNDA:1,(anonymous_1)
DA:2,5
DA:6,5
DA:7,2
DA:8,1
DA:18,1
LF:5
LH:5
BRDA:7,0,0,1
BRDA:7,0,1,0
BRDA:7,1,0,1
BRDA:7,1,1,0
BRF:4
BRH:2
end_of_record
TN:
SF:/home/travis/build/Hongarc/node-facebook/src/propApi/get-user-info.ts
FN:3,default_1
FN:6,(anonymous_2)
FNF:2
FNH:2
FNDA:12,default_1
FNDA:12,(anonymous_2)
DA:1,5
DA:3,36
DA:4,12
DA:6,12
LF:4
LH:4
BRDA:6,0,0,12
BRDA:6,0,1,12
BRF:2
BRH:2
end_of_record
TN:
SF:/home/travis/build/Hongarc/node-facebook/src/propApi/graphql-batch.ts
FN:3,default_1
FN:8,(anonymous_2)
FNF:2
FNH:2
FNDA:2,default_1
FNDA:2,(anonymous_2)
DA:1,5
DA:3,5
DA:4,2
DA:8,2
LF:4
LH:4
BRF:0
BRH:0
end_of_record
TN:
SF:/home/travis/build/Hongarc/node-facebook/src/propApi/graphql.ts
FN:3,default_1
FN:8,(anonymous_5)
FNF:2
FNH:2
FNDA:1,default_1
FNDA:1,(anonymous_5)
DA:1,5
DA:3,5
DA:4,1
DA:5,1
DA:8,1
LF:5
LH:5
BRF:0
BRH:0
end_of_record
TN:
SF:/home/travis/build/Hongarc/node-facebook/src/propApi/join-group.ts
FN:3,default_1
FNF:1
FNH:0
FNDA:0,default_1
DA:3,5
DA:4,0
DA:9,0
DA:10,0
DA:11,0
DA:13,0
LF:6
LH:1
BRF:0
BRH:0
end_of_record
TN:
SF:/home/travis/build/Hongarc/node-facebook/src/propApi/leave-group.ts
FN:3,default_1
FNF:1
FNH:0
FNDA:0,default_1
DA:3,5
DA:4,0
LF:2
LH:1
BRF:0
BRH:0
end_of_record
TN:
SF:/home/travis/build/Hongarc/node-facebook/src/propApi/listen.ts
FN:14,(anonymous_0)
FN:19,(anonymous_1)
FN:22,default_1
FN:29,(anonymous_3)
FN:35,(anonymous_4)
FN:64,(anonymous_5)
FN:65,(anonymous_6)
FN:69,(anonymous_7)
FN:75,(anonymous_8)
FN:80,(anonymous_9)
FNF:10
FNH:8
FNDA:5,(anonymous_0)
FNDA:5,(anonymous_1)
FNDA:2,default_1
FNDA:38,(anonymous_3)
FNDA:1,(anonymous_4)
FNDA:45,(anonymous_5)
FNDA:43,(anonymous_6)
FNDA:47,(anonymous_7)
FNDA:0,(anonymous_8)
FNDA:0,(anonymous_9)
DA:2,5
DA:14,5
DA:15,5
DA:17,0
DA:19,5
DA:22,7
DA:24,0
DA:26,2
DA:27,2
DA:28,2
DA:29,2
DA:32,10
DA:33,10
DA:35,5
DA:36,1
DA:38,5
DA:40,4
DA:42,1
DA:43,1
DA:45,0
DA:46,0
DA:50,5
DA:51,5
DA:53,0
DA:55,0
DA:56,0
DA:58,8
DA:59,8
DA:61,5
DA:64,2
DA:65,45
DA:67,0
DA:69,43
DA:72,0
DA:73,0
DA:75,0
DA:76,0
DA:78,0
DA:80,0
DA:82,0
DA:85,0
DA:87,38
DA:88,38
DA:94,7
DA:95,7
DA:97,2
DA:98,2
DA:100,0
DA:103,43
DA:105,45
DA:107,2
LF:51
LH:34
BRDA:31,0,0,10
BRDA:31,0,1,5
BRDA:31,0,2,4
BRDA:31,0,3,1
BRDA:31,0,4,0
BRDA:31,0,5,3
BRDA:31,0,6,4
BRDA:31,0,7,5
BRDA:31,0,8,0
BRDA:31,0,9,0
BRDA:31,0,10,8
BRDA:31,0,11,5
BRDA:71,1,0,0
BRDA:71,1,1,0
BRDA:71,1,2,0
BRDA:71,1,3,38
BRDA:71,1,4,0
BRDA:71,1,5,0
BRDA:71,1,6,1
BRDA:71,1,7,1
BRDA:71,1,8,7
BRDA:71,1,9,2
BRDA:71,1,10,0
BRF:23
BRH:14
end_of_record
TN:
SF:/home/travis/build/Hongarc/node-facebook/src/propApi/logout.ts
FNF:0
FNH:0
DA:2,5
DA:4,5
DA:5,1
DA:8,1
DA:9,1
DA:11,1
LF:6
LH:6
BRDA:8,0,0,1
BRDA:8,0,1,1
BRF:2
BRH:2
end_of_record
TN:
SF:/home/travis/build/Hongarc/node-facebook/src/propApi/mark-as-read-all.ts
FN:3,default_1
FNF:1
FNH:0
FNDA:0,default_1
DA:3,5
DA:4,0
LF:2
LH:1
BRF:0
BRH:0
end_of_record
TN:
SF:/home/travis/build/Hongarc/node-facebook/src/propApi/mark-as-read.ts
FN:3,default_1
FN:5,(anonymous_1)
FNF:2
FNH:2
FNDA:1,default_1
FNDA:1,(anonymous_1)
DA:3,5
DA:4,1
DA:5,1
DA:6,1
DA:9,1
LF:5
LH:5
BRF:0
BRH:0
end_of_record
TN:
SF:/home/travis/build/Hongarc/node-facebook/src/propApi/mark-read-noti.ts
FN:3,default_1
FNF:1
FNH:0
FNDA:0,default_1
DA:3,5
DA:4,0
LF:2
LH:1
BRF:0
BRH:0
end_of_record
TN:
SF:/home/travis/build/Hongarc/node-facebook/src/propApi/message-request.ts
FN:3,default_1
FNF:1
FNH:0
FNDA:0,default_1
DA:3,5
DA:4,0
DA:5,0
DA:6,0
DA:7,0
LF:5
LH:1
BRDA:5,0,0,0
BRDA:5,0,1,0
BRF:2
BRH:0
end_of_record
TN:
SF:/home/travis/build/Hongarc/node-facebook/src/propApi/mute-thread.ts
FN:3,default_1
FNF:1
FNH:0
FNDA:0,default_1
DA:3,5
DA:4,0
LF:2
LH:1
BRF:0
BRH:0
end_of_record
TN:
SF:/home/travis/build/Hongarc/node-facebook/src/propApi/pull.ts
FN:3,default_1
FN:18,(anonymous_4)
FN:38,(anonymous_5)
FNF:3
FNH:3
FNDA:47,default_1
FNDA:44,(anonymous_4)
FNDA:1,(anonymous_5)
DA:1,5
DA:3,93
DA:4,47
DA:19,44
DA:23,3
DA:24,3
DA:26,3
DA:29,2
DA:31,39
DA:33,0
DA:35,0
DA:36,0
DA:40,1
DA:41,1
DA:43,0
DA:44,0
LF:16
LH:11
BRDA:3,0,0,46
BRDA:3,0,1,1
BRDA:19,1,0,44
BRDA:19,1,1,3
BRDA:21,2,0,3
BRDA:21,2,1,2
BRDA:21,2,2,39
BRDA:21,2,3,0
BRDA:21,2,4,0
BRDA:39,3,0,1
BRDA:39,3,1,1
BRF:11
BRH:9
end_of_record
TN:
SF:/home/travis/build/Hongarc/node-facebook/src/propApi/react-message.ts
FN:14,default_1
FNF:1
FNH:1
FNDA:2,default_1
DA:3,5
DA:14,5
DA:16,1
DA:18,1
LF:4
LH:4
BRDA:14,0,0,0
BRDA:14,0,1,2
BRF:2
BRH:1
end_of_record
TN:
SF:/home/travis/build/Hongarc/node-facebook/src/propApi/remove-friend.ts
FN:3,default_1
FNF:1
FNH:1
FNDA:2,default_1
DA:3,5
DA:4,2
LF:2
LH:2
BRF:0
BRH:0
end_of_record
TN:
SF:/home/travis/build/Hongarc/node-facebook/src/propApi/remove-member.ts
FN:11,default_1
FN:13,(anonymous_3)
FNF:2
FNH:0
FNDA:0,default_1
FNDA:0,(anonymous_3)
DA:11,5
DA:12,0
DA:13,0
DA:14,0
DA:16,0
LF:5
LH:1
BRDA:11,0,0,0
BRDA:11,0,1,0
BRF:2
BRH:0
end_of_record
TN:
SF:/home/travis/build/Hongarc/node-facebook/src/propApi/remove-participant.ts
FN:3,default_1
FNF:1
FNH:1
FNDA:1,default_1
DA:3,5
DA:4,1
LF:2
LH:2
BRF:0
BRH:0
end_of_record
TN:
SF:/home/travis/build/Hongarc/node-facebook/src/propApi/send-message.ts
FN:44,(anonymous_16)
FN:45,(anonymous_17)
FN:60,(anonymous_18)
FNF:3
FNH:3
FNDA:1,(anonymous_16)
FNDA:1,(anonymous_17)
FNDA:2,(anonymous_18)
DA:3,5
DA:20,5
DA:21,11
DA:22,11
DA:33,1
DA:37,1
DA:43,10
DA:44,1
DA:45,1
DA:46,1
DA:47,1
DA:49,1
DA:51,1
DA:55,10
DA:56,1
DA:60,2
DA:63,11
DA:65,11
DA:66,11
DA:68,0
DA:71,11
LF:21
LH:20
BRDA:26,0,0,10
BRDA:26,0,1,1
BRDA:29,1,0,11
BRDA:29,1,1,10
BRDA:29,1,2,9
BRF:5
BRH:5
end_of_record
TN:
SF:/home/travis/build/Hongarc/node-facebook/src/propApi/send-typing.ts
FN:3,default_1
FNF:1
FNH:0
FNDA:0,default_1
DA:3,5
DA:4,0
LF:2
LH:1
BRDA:3,0,0,0
BRDA:3,0,1,0
BRDA:5,1,0,0
BRDA:5,1,1,0
BRF:4
BRH:0
end_of_record
TN:
SF:/home/travis/build/Hongarc/node-facebook/src/propApi/send.ts
FN:3,default_1
FN:5,(anonymous_2)
FNF:2
FNH:2
FNDA:12,default_1
FNDA:11,(anonymous_2)
DA:1,5
DA:3,5
DA:4,12
DA:5,11
LF:4
LH:4
BRDA:5,0,0,11
BRDA:5,0,1,11
BRF:2
BRH:2
end_of_record
TN:
SF:/home/travis/build/Hongarc/node-facebook/src/propApi/set-admin-thread.ts
FN:3,default_1
FNF:1
FNH:0
FNDA:0,default_1
DA:3,5
DA:4,0
LF:2
LH:1
BRF:0
BRH:0
end_of_record
TN:
SF:/home/travis/build/Hongarc/node-facebook/src/propApi/set-approval-mode.ts
FN:3,default_1
FNF:1
FNH:0
FNDA:0,default_1
DA:3,5
DA:4,0
LF:2
LH:1
BRF:0
BRH:0
end_of_record
TN:
SF:/home/travis/build/Hongarc/node-facebook/src/propApi/set-title.ts
FN:3,default_1
FNF:1
FNH:0
FNDA:0,default_1
DA:3,5
DA:4,0
LF:2
LH:1
BRF:0
BRH:0
end_of_record
TN:
SF:/home/travis/build/Hongarc/node-facebook/src/propApi/share-url.ts
FN:3,default_1
FN:8,(anonymous_1)
FNF:2
FNH:2
FNDA:1,default_1
FNDA:1,(anonymous_1)
DA:3,5
DA:4,1
DA:8,1
LF:3
LH:3
BRDA:8,0,0,1
BRDA:8,0,1,1
BRF:2
BRH:2
end_of_record
TN:
SF:/home/travis/build/Hongarc/node-facebook/src/propApi/stop-listen.ts
FN:3,default_1
FNF:1
FNH:1
FNDA:2,default_1
DA:3,5
DA:4,2
LF:2
LH:2
BRF:0
BRH:0
end_of_record
TN:
SF:/home/travis/build/Hongarc/node-facebook/src/propApi/sub-follow.ts
FN:3,default_1
FNF:1
FNH:0
FNDA:0,default_1
DA:3,5
DA:4,0
DA:5,0
LF:3
LH:1
BRDA:3,0,0,0
BRDA:3,0,1,0
BRDA:4,1,0,0
BRDA:4,1,1,0
BRF:4
BRH:0
end_of_record
TN:
SF:/home/travis/build/Hongarc/node-facebook/src/propApi/unblock-message.ts
FN:3,default_1
FNF:1
FNH:1
FNDA:1,default_1
DA:3,5
DA:4,1
DA:8,1
LF:3
LH:3
BRF:0
BRH:0
end_of_record
TN:
SF:/home/travis/build/Hongarc/node-facebook/src/propApi/unblock-user.ts
FN:3,default_1
FNF:1
FNH:1
FNDA:2,default_1
DA:3,5
DA:4,2
LF:2
LH:2
BRF:0
BRH:0
end_of_record
TN:
SF:/home/travis/build/Hongarc/node-facebook/src/propApi/undo-activity-group.ts
FN:3,default_1
FNF:1
FNH:0
FNDA:0,default_1
DA:3,5
DA:4,0
LF:2
LH:1
BRF:0
BRH:0
end_of_record
TN:
SF:/home/travis/build/Hongarc/node-facebook/src/propApi/unfollow-group.ts
FN:3,default_1
FNF:1
FNH:0
FNDA:0,default_1
DA:3,5
DA:4,0
LF:2
LH:1
BRDA:3,0,0,0
BRDA:3,0,1,0
BRF:2
BRH:0
end_of_record
TN:
SF:/home/travis/build/Hongarc/node-facebook/src/propApi/unsend-message.ts
FN:3,default_1
FNF:1
FNH:1
FNDA:1,default_1
DA:3,5
DA:4,1
LF:2
LH:2
BRF:0
BRH:0
end_of_record
TN:
SF:/home/travis/build/Hongarc/node-facebook/src/propApi/upload-file.ts
FN:4,default_1
FN:8,(anonymous_1)
FN:9,(anonymous_2)
FNF:3
FNH:2
FNDA:1,default_1
FNDA:1,(anonymous_1)
FNDA:0,(anonymous_2)
DA:4,5
DA:5,1
DA:8,1
DA:9,0
LF:4
LH:3
BRF:0
BRH:0
end_of_record
TN:
SF:/home/travis/build/Hongarc/node-facebook/src/utils/browser.ts
FN:23,(anonymous_14)
FN:35,(anonymous_15)
FN:37,Browser
FN:39,(anonymous_17)
FN:44,(anonymous_18)
FN:57,(anonymous_22)
FN:70,(anonymous_23)
FN:77,(anonymous_24)
FN:84,(anonymous_25)
FN:95,(anonymous_26)
FN:97,(anonymous_27)
FN:97,(anonymous_28)
FN:103,(anonymous_29)
FN:120,(anonymous_33)
FN:121,(anonymous_34)
FN:128,(anonymous_35)
FNF:16
FNH:16
FNDA:139,(anonymous_14)
FNDA:5,(anonymous_15)
FNDA:14,Browser
FNDA:61,(anonymous_17)
FNDA:139,(anonymous_18)
FNDA:3,(anonymous_22)
FNDA:62,(anonymous_23)
FNDA:76,(anonymous_24)
FNDA:1,(anonymous_25)
FNDA:139,(anonymous_26)
FNDA:139,(anonymous_27)
FNDA:137,(anonymous_28)
FNDA:31,(anonymous_29)
FNDA:13,(anonymous_33)
FNDA:50,(anonymous_34)
FNDA:3,(anonymous_35)
DA:1,5
DA:2,5
DA:9,5
DA:12,5
DA:13,5
DA:14,5
DA:20,5
DA:23,5
DA:24,139
DA:25,139
DA:35,5
DA:37,17
DA:38,14
DA:39,14
DA:40,61
DA:44,5
DA:45,139
DA:54,5
DA:55,3
DA:56,3
DA:57,3
DA:58,3
DA:60,3
DA:61,3
DA:63,1
DA:66,1
DA:70,74
DA:71,62
DA:72,62
DA:73,62
DA:74,62
DA:77,5
DA:78,76
DA:79,76
DA:80,76
DA:81,76
DA:84,5
DA:85,1
DA:86,1
DA:87,1
DA:88,1
DA:90,1
DA:92,1
DA:95,139
DA:97,139
DA:99,1
DA:100,1
DA:102,136
DA:103,136
DA:105,31
DA:108,136
DA:112,5
DA:113,12
DA:114,12
DA:120,26
DA:121,50
DA:123,11
DA:125,2
DA:128,6
DA:129,3
DA:131,5
LF:61
LH:61
BRDA:37,0,0,3
BRDA:37,0,1,11
BRDA:70,1,0,12
BRDA:70,1,1,50
BRDA:84,2,0,0
BRDA:84,2,1,1
BRDA:102,3,0,136
BRDA:102,3,1,124
BRDA:120,4,0,13
BRDA:120,4,1,0
BRDA:128,5,0,3
BRDA:128,5,1,0
BRF:12
BRH:9
end_of_record
TN:
SF:/home/travis/build/Hongarc/node-facebook/src/utils/formatter.ts
FN:8,(anonymous_1)
FN:9,(anonymous_2)
FN:15,(anonymous_3)
FN:21,(anonymous_4)
FN:28,(anonymous_5)
FN:32,(anonymous_6)
FN:72,(anonymous_7)
FN:81,(anonymous_8)
FN:99,(anonymous_9)
FN:107,(anonymous_10)
FN:113,(anonymous_11)
FN:129,(anonymous_12)
FN:134,(anonymous_13)
FN:139,(anonymous_14)
FN:150,(anonymous_15)
FN:157,(anonymous_16)
FNF:16
FNH:12
FNDA:25,(anonymous_1)
FNDA:0,(anonymous_2)
FNDA:0,(anonymous_3)
FNDA:0,(anonymous_4)
FNDA:10,(anonymous_5)
FNDA:4,(anonymous_6)
FNDA:10,(anonymous_7)
FNDA:2,(anonymous_8)
FNDA:1,(anonymous_9)
FNDA:1,(anonymous_10)
FNDA:5,(anonymous_11)
FNDA:0,(anonymous_12)
FNDA:8,(anonymous_13)
FNDA:1,(anonymous_14)
FNDA:2,(anonymous_15)
FNDA:12,(anonymous_16)
DA:1,5
DA:8,25
DA:9,5
DA:15,5
DA:21,5
DA:28,5
DA:30,0
DA:32,10
DA:33,4
DA:35,0
DA:38,1
DA:39,1
DA:40,1
DA:43,1
DA:44,1
DA:45,1
DA:48,2
DA:56,1
DA:57,1
DA:58,1
DA:60,1
DA:61,1
DA:62,1
DA:64,0
DA:66,2
DA:68,0
DA:72,5
DA:73,10
DA:74,10
DA:77,10
DA:79,9
DA:81,10
DA:82,2
DA:87,10
DA:99,5
DA:107,5
DA:113,5
DA:114,5
DA:115,5
DA:129,5
DA:134,8
DA:139,5
DA:141,1
DA:142,1
DA:143,1
DA:144,1
DA:145,1
DA:148,1
DA:149,1
DA:150,2
DA:151,1
DA:153,1
DA:157,5
DA:159,12
DA:160,12
DA:163,12
DA:165,12
LF:57
LH:53
BRDA:8,0,0,25
BRDA:8,0,1,2
BRDA:8,0,2,0
BRDA:25,1,0,0
BRDA:25,1,1,0
BRDA:25,1,2,0
BRDA:55,2,0,1
BRDA:55,2,1,1
BRDA:55,2,2,0
BRDA:89,3,0,10
BRDA:89,3,1,1
BRDA:109,4,0,1
BRDA:109,4,1,0
BRDA:122,5,0,5
BRDA:122,5,1,2
BRDA:148,6,0,1
BRDA:148,6,1,1
BRDA:163,7,0,12
BRDA:163,7,1,6
BRF:19
BRH:13
end_of_record
TN:
SF:/home/travis/build/Hongarc/node-facebook/src/utils/parse-form.ts
FN:8,(anonymous_0)
FN:16,(anonymous_1)
FN:18,(anonymous_2)
FN:23,(anonymous_3)
FN:31,(anonymous_4)
FNF:5
FNH:5
FNDA:28,(anonymous_0)
FNDA:3,(anonymous_1)
FNDA:3,(anonymous_2)
FNDA:48,(anonymous_3)
FNDA:3,(anonymous_4)
DA:1,5
DA:5,5
DA:8,5
DA:9,28
DA:11,28
DA:13,0
DA:16,5
DA:18,5
DA:19,3
DA:21,3
DA:23,3
DA:24,48
DA:26,21
DA:29,3
DA:30,3
DA:31,3
DA:32,3
DA:33,3
DA:36,3
DA:44,3
LF:20
LH:19
BRDA:25,0,0,48
BRDA:25,0,1,45
BRF:2
BRH:2
end_of_record
